-0.16648437 -0.14600615 0.03961128 -0.13936213 1
-0.16940449 -0.34167239 0.03682404 0.16554968 0
-0.17623794 -0.14709638 0.04013503 -0.11529265 1
-0.17917987 -0.34276974 0.03782918 0.18977756 0
-0.18603526 -0.14820883 0.04162473 -0.09073589 1
-0.18899944 -0.34390192 0.03981001 0.21478363 0
-0.19587748 -0.14937106 0.04410569 -0.06508042 1
-0.1988649 -0.3450967  0.04280408 0.24118541 0
-0.20576684 -0.15061151 0.04762779 -0.03769463 1
-0.20877907 -0.34638294 0.04687389 0.2696268 0
-0.21570672 -0.15196016 0.05226643 -0.00791117 1
-0.21874593 -0.34779121 0.05210821 0.30079361 0
-0.22570175 -0.15344919 0.05812408 0.02498914 1
-0.22877074 0.04079312 0.05862386 -0.24880344 1
-0.22795487 -0.15511491 0.05364779 0.06177933 0
-0.23105717 0.03919845 0.05488338 -0.21350648 1
-0.2302732 -0.15666347 0.05061325 0.09597164 0
-0.23340647 0.03769791 0.05253268 -0.18032314 1
-0.23265251 -0.15813488 0.04892622 0.12845831 0
-0.23581521 0.03625329 0.05149539 -0.14839644 1
-0.23509014 -0.15956681 0.04852746 0.16007729 0
-0.23828148 0.03482802 0.051729  -0.11691021 1
-0.23758492 -0.16099548 0.0493908  0.19163367 0
-0.24080483 0.03338639 0.05322347 -0.08506857 1
-0.2401371 -0.1624565  0.0515221  0.22392009 0
-0.24338623 0.03189266 0.0560005 -0.05207601 1
-0.24274838 0.22616878 0.05495898 -0.32657782 1
-0.238225  0.03030918 0.04842743 -0.01708219 0
-0.23761882 0.22470438 0.04808578 -0.29410103 1
-0.23312473 0.02893102 0.04220376 0.01335133 0
-0.23254611 0.2234231  0.04247079 -0.26572279 1
-0.22807765 0.02772153 0.03715633 0.04004752 0
-0.22752322 0.2222915  0.03795728 -0.24068455 1
-0.22307739 0.02664847 0.03314359 0.06372537 0
-0.22254442 0.22127994 0.0344181 -0.21831905 1
-0.21811882 0.02568332 0.03005172 0.08501904 0
-0.21760515 0.22036189 0.0317521 -0.1980331 1
-0.21319792 0.02480051 0.02779144 0.10449466 0
-0.21270191 0.21951339 0.02988133 -0.17929225 1
-0.20831164 0.02397686 0.02629549 0.12266542 0
-0.2078321  0.21871241 0.02874879 -0.16160694 1
-0.20345785 0.02319094 0.02551665 0.14000506 0
-0.20299403 0.21793832 0.02831676 -0.14451983 1
-0.19863527 0.02242252 0.02542636 0.1569603 0
-0.19818682 0.21717138 0.02856557 -0.12759401 1
-0.19384339 0.0216521  0.02601369 0.17396239 0
-0.19341035 0.21639228 0.02949293 -0.11040188 1
-0.1890825  0.41107946 0.0272849 -0.393636 1
-0.18086091 0.21558117 0.01941218 -0.09247695 0
-0.17654929 0.41041959 0.01756264 -0.37897268 1
-0.1683409  0.21505268 0.00998318 -0.08080437 0
-0.16403984 0.41003011 0.0083671 -0.37032093 1
-0.15583924 0.21479029 0.00096068 -0.07501155 0
-0.15154344 0.40989845 -0.00053955 -0.36739122 1
-0.14334547 0.21478417 -0.00788738 -0.07487848 0
-0.13904978 0.41001831 -0.00938495 -0.37003943 1
-0.13084942 0.21503094 -0.01678574 -0.0803304 0
-0.1265488  0.41038945 -0.01839234 -0.37826165 1
-0.11834101 0.21553347 -0.02595758 -0.09143416 0
-0.11403034 0.41101767 -0.02778626 -0.39219236 1
-0.10580999 0.21630084 -0.03563011 -0.10839796 0
-0.10148397 0.41191477 -0.03779807 -0.41210567 1
-0.09324568 0.21734846 -0.04604018 -0.13157463 0
-0.08889871 0.02291521 -0.04867167 0.14623515 0
-0.0884404  0.21869916 -0.04574697 -0.16139682 1
-0.08406642 0.02426096 -0.04897491 0.11651042 0
-0.0835812  0.22004918 -0.0466447 -0.19121264 1
-0.07918022 0.02562448 -0.05046895 0.08639864 0
-0.07866773 0.22143217 -0.04874098 -0.22177049 1
-0.07423908 0.02703956 -0.05317639 0.05514797 0
-0.07369829 0.22288206 -0.05207343 -0.25382703 1
-0.06924065 0.02854082 -0.05714997 0.02198701 0
-0.06866983 0.22443381 -0.05671023 -0.2881657 1
-0.06418116 0.0301645 -0.06247354 -0.01389406 0
-0.06357787 0.22612418 -0.06275142 -0.32561543 1
-0.05905538 0.03194921 -0.06926373 -0.05336305 0
-0.0584164 -0.16211475 -0.07033099 0.21668765 0
-0.06165869 0.03393846 -0.06599724 -0.09732542 1
-0.06097993 -0.16017857 -0.06794375 0.17382712 0
-0.0641835  0.03584668 -0.06446721 -0.13949242 1
-0.06346656 -0.15829554 -0.06725706 0.13217574 0
-0.06663247 0.03772214 -0.06461354 -0.18094469 1
-0.06587803 -0.15641857 -0.06823243 0.09067554 0
-0.0690064  0.03961168 -0.06641892 -0.22273038 1
-0.06821417 -0.15450118 -0.07087353 0.04828408 0
-0.07130419 0.0415617 -0.06990785 -0.2658913 1
-0.07047296 -0.15249647 -0.07522568 0.00394879 0
-0.07352289 -0.34646347 -0.0751467  0.27198096 0
-0.08045216 -0.15035416 -0.06970708 -0.04342517 1
-0.08345924 -0.34441089 -0.07057558 0.22647572 0
-0.09034746 -0.148355  -0.06604607 -0.08760801 1
-0.09331456 -0.34247114 -0.06779823 0.18352793 0
-0.10016398 -0.14644789 -0.06412767 -0.12974883 1
-0.10309294 -0.34059539 -0.06672265 0.1420332 0
-0.10990485 -0.14458444 -0.06388198 -0.1709309 1
-0.11279654 -0.33873665 -0.0673006  0.10093484 0
-0.11957127 -0.53283276 -0.06528191 0.37164846 0
-0.13022792 -0.33684705 -0.05784894 0.05911685 1
-0.13696486 -0.5310939 -0.0566666  0.33300162 0
-0.14758674 -0.3352131 -0.05000657 0.02300099 1