Starting Performance Evaluation
numlines: 10
file :0 name: cartpole01k.log
file :1 name: cartpole02k.log
file :2 name: cartpole03k.log
file :3 name: cartpole04k.log
file :4 name: cartpole05k.log
file :5 name: cartpole06k.log
file :6 name: cartpole07k.log
file :7 name: cartpole08k.log
file :8 name: cartpole09k.log
file :9 name: cartpole10k.log
numlines: 3
reasoner :0 name: ONEKNN
reasoner :1 name: KNN
reasoner :2 name: weightedKNN
Starting Evaluation 0: ONEKNN
***parsing log file: cartpole01k.log
done with creating one caseBase
***parsing log file: cartpole02k.log
done with creating one caseBase
***parsing log file: cartpole03k.log
done with creating one caseBase
***parsing log file: cartpole04k.log
done with creating one caseBase
***parsing log file: cartpole05k.log
done with creating one caseBase
***parsing log file: cartpole06k.log
done with creating one caseBase
***parsing log file: cartpole07k.log
done with creating one caseBase
***parsing log file: cartpole08k.log
done with creating one caseBase
***parsing log file: cartpole09k.log
done with creating one caseBase
***parsing log file: cartpole10k.log
done with creating one caseBase
Time Taken to load casebases: 1.997 seconds
performing Filtering on the casesbases
time Taken to Filter is 0.927 seconds
CaseBase size: 611
TestBase size: 76
Cycle: 0 - Starting testing...
Testing complete in: 2.3333333333333333E-4 min
performing Filtering on the casesbases
time Taken to Filter is 0.669 seconds
CaseBase size: 618
TestBase size: 82
Cycle: 1 - Starting testing...
Testing complete in: 2.0E-4 min
performing Filtering on the casesbases
time Taken to Filter is 0.699 seconds
CaseBase size: 643
TestBase size: 68
Cycle: 2 - Starting testing...
Testing complete in: 1.8333333333333334E-4 min
performing Filtering on the casesbases
time Taken to Filter is 0.67 seconds
CaseBase size: 623
TestBase size: 107
Cycle: 3 - Starting testing...
Testing complete in: 2.666666666666667E-4 min
performing Filtering on the casesbases
time Taken to Filter is 0.609 seconds
CaseBase size: 577
TestBase size: 120
Cycle: 4 - Starting testing...
Testing complete in: 2.8333333333333335E-4 min
performing Filtering on the casesbases
time Taken to Filter is 0.646 seconds
CaseBase size: 618
TestBase size: 78
Cycle: 5 - Starting testing...
Testing complete in: 2.0E-4 min
performing Filtering on the casesbases
time Taken to Filter is 0.645 seconds
CaseBase size: 636
TestBase size: 83
Cycle: 6 - Starting testing...
Testing complete in: 2.1666666666666666E-4 min
performing Filtering on the casesbases
time Taken to Filter is 0.626 seconds
CaseBase size: 592
TestBase size: 71
Cycle: 7 - Starting testing...
Testing complete in: 1.6666666666666666E-4 min
performing Filtering on the casesbases
time Taken to Filter is 0.635 seconds
CaseBase size: 624
TestBase size: 70
Cycle: 8 - Starting testing...
Testing complete in: 1.8333333333333334E-4 min
performing Filtering on the casesbases
time Taken to Filter is 0.635 seconds
CaseBase size: 592
TestBase size: 108
Cycle: 9 - Starting testing...
Testing complete in: 2.5E-4 min
Total testing time: 0.11521666666666666 min
Calculating stats...
_________________________________________________ 
|      Performance Measure|      Mean|    St.Dev| 
|-----------------------------------------------| 
|               Recall_0.0|    0.7250|    0.0713| 
|  Classification_Accuracy|    0.7283|    0.0309| 
|               Recall_1.0|    0.7321|    0.0099| 
|                Global_F1|    0.7276|    0.0313| 
|            Precision_0.0|    0.7469|    0.0056| 
|            Precision_1.0|    0.7127|    0.0673| 
|                   F1_1.0|    0.7209|    0.0291| 
|                   F1_0.0|    0.7343|    0.0335| 
|_______________________________________________| 
Done
Done
Starting Evaluation 1: KNN
***parsing log file: cartpole01k.log
done with creating one caseBase
***parsing log file: cartpole02k.log
done with creating one caseBase
***parsing log file: cartpole03k.log
done with creating one caseBase
***parsing log file: cartpole04k.log
done with creating one caseBase
***parsing log file: cartpole05k.log
done with creating one caseBase
***parsing log file: cartpole06k.log
done with creating one caseBase
***parsing log file: cartpole07k.log
done with creating one caseBase
***parsing log file: cartpole08k.log
done with creating one caseBase
***parsing log file: cartpole09k.log
done with creating one caseBase
***parsing log file: cartpole10k.log
done with creating one caseBase
Time Taken to load casebases: 1.844 seconds
performing Filtering on the casesbases
time Taken to Filter is 0.671 seconds
CaseBase size: 611
TestBase size: 76
Cycle: 0 - Starting testing...
Testing complete in: 1.8333333333333334E-4 min
performing Filtering on the casesbases
time Taken to Filter is 0.64 seconds
CaseBase size: 616
TestBase size: 79
Cycle: 1 - Starting testing...
Testing complete in: 2.0E-4 min
performing Filtering on the casesbases
time Taken to Filter is 0.684 seconds
CaseBase size: 643
TestBase size: 70
Cycle: 2 - Starting testing...
Testing complete in: 2.0E-4 min
performing Filtering on the casesbases
time Taken to Filter is 0.652 seconds
CaseBase size: 624
TestBase size: 108
Cycle: 3 - Starting testing...
Testing complete in: 2.666666666666667E-4 min
performing Filtering on the casesbases
time Taken to Filter is 0.608 seconds
CaseBase size: 579
TestBase size: 126
Cycle: 4 - Starting testing...
Testing complete in: 3.0E-4 min
performing Filtering on the casesbases
time Taken to Filter is 0.645 seconds
CaseBase size: 623
TestBase size: 80
Cycle: 5 - Starting testing...
Testing complete in: 2.0E-4 min
performing Filtering on the casesbases
time Taken to Filter is 0.647 seconds
CaseBase size: 628
TestBase size: 83
Cycle: 6 - Starting testing...
Testing complete in: 2.0E-4 min
performing Filtering on the casesbases
time Taken to Filter is 0.639 seconds
CaseBase size: 601
TestBase size: 72
Cycle: 7 - Starting testing...
Testing complete in: 2.0E-4 min
performing Filtering on the casesbases
time Taken to Filter is 0.643 seconds
CaseBase size: 623
TestBase size: 70
Cycle: 8 - Starting testing...
Testing complete in: 1.8333333333333334E-4 min
performing Filtering on the casesbases
time Taken to Filter is 0.646 seconds
CaseBase size: 588
TestBase size: 108
Cycle: 9 - Starting testing...
Testing complete in: 2.666666666666667E-4 min
Total testing time: 0.1102 min
Calculating stats...
_________________________________________________ 
|      Performance Measure|      Mean|    St.Dev| 
|-----------------------------------------------| 
|               Recall_0.0|    0.7426|    0.0907| 
|  Classification_Accuracy|    0.7443|    0.0335| 
|               Recall_1.0|    0.7470|    0.0247| 
|                Global_F1|    0.7431|    0.0340| 
|            Precision_0.0|    0.7659|    0.0159| 
|            Precision_1.0|    0.7300|    0.0825| 
|                   F1_1.0|    0.7352|    0.0295| 
|                   F1_0.0|    0.7510|    0.0385| 
|_______________________________________________| 
Done
Done
Starting Evaluation 2: weightedKNN
***parsing log file: cartpole01k.log
done with creating one caseBase
***parsing log file: cartpole02k.log
done with creating one caseBase
***parsing log file: cartpole03k.log
done with creating one caseBase
***parsing log file: cartpole04k.log
done with creating one caseBase
***parsing log file: cartpole05k.log
done with creating one caseBase
***parsing log file: cartpole06k.log
done with creating one caseBase
***parsing log file: cartpole07k.log
done with creating one caseBase
***parsing log file: cartpole08k.log
done with creating one caseBase
***parsing log file: cartpole09k.log
done with creating one caseBase
***parsing log file: cartpole10k.log
done with creating one caseBase
Time Taken to load casebases: 1.827 seconds
performing Filtering on the casesbases
time Taken to Filter is 0.682 seconds
CaseBase size: 611
TestBase size: 76
Cycle: 0 - Starting testing...
Testing complete in: 2.0E-4 min
performing Filtering on the casesbases
time Taken to Filter is 0.643 seconds
CaseBase size: 618
TestBase size: 82
Cycle: 1 - Starting testing...
Testing complete in: 2.0E-4 min
performing Filtering on the casesbases
time Taken to Filter is 0.686 seconds
CaseBase size: 643
TestBase size: 68
Cycle: 2 - Starting testing...
Testing complete in: 1.8333333333333334E-4 min
performing Filtering on the casesbases
time Taken to Filter is 0.653 seconds
CaseBase size: 623
TestBase size: 107
Cycle: 3 - Starting testing...
Testing complete in: 2.666666666666667E-4 min
performing Filtering on the casesbases
time Taken to Filter is 0.57 seconds
CaseBase size: 554
TestBase size: 124
Cycle: 4 - Starting testing...
Testing complete in: 2.8333333333333335E-4 min
performing Filtering on the casesbases
time Taken to Filter is 0.638 seconds
CaseBase size: 619
TestBase size: 80
Cycle: 5 - Starting testing...
Testing complete in: 2.0E-4 min
performing Filtering on the casesbases
time Taken to Filter is 0.639 seconds
CaseBase size: 626
TestBase size: 78
Cycle: 6 - Starting testing...
Testing complete in: 2.0E-4 min
performing Filtering on the casesbases
time Taken to Filter is 0.629 seconds
CaseBase size: 594
TestBase size: 71
Cycle: 7 - Starting testing...
Testing complete in: 1.8333333333333334E-4 min
performing Filtering on the casesbases
time Taken to Filter is 0.635 seconds
CaseBase size: 616
TestBase size: 70
Cycle: 8 - Starting testing...
Testing complete in: 1.6666666666666666E-4 min
performing Filtering on the casesbases
time Taken to Filter is 0.632 seconds
CaseBase size: 581
TestBase size: 108
Cycle: 9 - Starting testing...
Testing complete in: 2.5E-4 min
Total testing time: 0.109 min
Calculating stats...
_________________________________________________ 
|      Performance Measure|      Mean|    St.Dev| 
|-----------------------------------------------| 
|               Recall_0.0|    0.7336|    0.0997| 
|  Classification_Accuracy|    0.7396|    0.0382| 
|               Recall_1.0|    0.7448|    0.0226| 
|                Global_F1|    0.7381|    0.0390| 
|            Precision_0.0|    0.7614|    0.0114| 
|            Precision_1.0|    0.7250|    0.0875| 
|                   F1_1.0|    0.7319|    0.0328| 
|                   F1_0.0|    0.7443|    0.0452| 
|_______________________________________________| 
Done
Done
