-0.02875446 0.22381496 0.03078173 -0.27424375 1
-0.02427816 0.02826764 0.02529685 0.02798667 0
-0.02371281 0.22301786 0.02585659 -0.2566087 1
-0.01925245 0.02753647 0.02072441 0.04411635 0
-0.01870172 0.22235521 0.02160674 -0.24195646 1
-0.01425462 0.02693139 0.01676761 0.05746274 0
-0.01371599 0.22180896 0.01791687 -0.22988308 1
-0.00927981 0.02643562 0.0133192  0.06839717 0
-0.0087511  0.22136411 0.01468715 -0.2200539 1
-0.00432382 0.02603533 0.01028607 0.07722554 0
-0.00380311 0.22100832 0.01183058 -0.21219443 1
0.00061705 0.02571924 0.00758669 0.0841968 0
0.00113144 0.22073162 0.00927063 -0.20608288 1
0.00554607 0.02547834 0.00514897 0.08950998 0
0.00605564 0.22052611 0.00693917 -0.201544 1
0.01046616 0.0253056  0.00290829 0.0933198 0
0.01097227 0.22038575 0.00477469 -0.19844414 1
0.01537999 0.02519583 0.0008058  0.09574115 0
0.0158839  0.22030623 0.00272063 -0.19668744 1
0.02029003 0.02514546 -0.00121312 0.09685248 0
0.02079294 0.22028478 0.00072393 -0.19621294 1
0.02519863 0.02515248 -0.00320033 0.09669827 0
0.02570168 0.22032016 -0.00126637 -0.19699264 1
0.03010809 0.02521634 -0.00520622 0.09529054 0
0.03061241 0.22041252 -0.00330041 -0.19903039 1
0.03502066 0.02533793 -0.00728102 0.09260959 0
0.03552742 0.22056348 -0.00542882 -0.20236157 1
0.03993869 0.02551959 -0.00947606 0.08860389 0
0.04044908 0.22077608 -0.00770398 -0.20705362 1
0.04486461 0.02576513 -0.01184505 0.08318917 0
0.04537991 0.22105486 -0.01018127 -0.21320723 1
0.04980101 0.02607994 -0.01444541 0.07624675 0
0.0503226  0.22140597 -0.01292048 -0.22095852 1
0.05475072 0.02647106 -0.01733965 0.06762092 0
0.05528014 0.22183726 -0.01598723 -0.23048193 1
0.05971689 0.02694737 -0.02059687 0.05711551 0
0.06025584 0.22235849 -0.01945456 -0.24199406 1
0.06470301 0.02751976 -0.02429444 0.04448945 0
0.0652534  0.22298151 -0.02340465 -0.25575851 1
0.06971303 0.0282014 -0.02851982 0.02945129 0
0.07027706 0.22372049 -0.02793079 -0.27209177 1
0.07475147 0.02900799 -0.03337263 0.01165247 0
0.07533163 0.22459226 -0.03313958 -0.29137031 1
0.07982348 0.02995813 -0.03896699 -0.00932065 0
0.08042264 0.22561662 -0.0391534 -0.314039 1
0.08493497 0.03107366 -0.04543418 -0.03395636 0
0.08555644 -0.1633683 -0.04611331 0.24405254 0
0.08228908 0.03238094 -0.04123225 -0.06281169 1
0.0829367 -0.16212633 -0.04248849 0.21658239 0
0.07969417 0.03357646 -0.03815684 -0.08919472 1
0.0803657 -0.16097838 -0.03994074 0.19120973 0
0.07714613 0.03469152 -0.03611654 -0.1138005 1
0.07783996 -0.15989481 -0.03839255 0.1672727 0
0.07464207 0.03575507 -0.0350471 -0.13727049 1
0.07535717 -0.15884783 -0.03779251 0.14415287 0
0.07218021 0.0367944 -0.03490945 -0.16020929 1
0.0729161 -0.15781083 -0.03811363 0.12125942 0
0.06975988 0.03783586 -0.03568845 -0.18320019 1
0.0705166 -0.15675774 -0.03935245 0.09801417 0
0.06738144 0.03890547 -0.03739217 -0.20682006 1
0.06815955 -0.15566238 -0.04152857 0.07383699 0
0.06504631 0.04002956 -0.04005183 -0.23165374 1
0.0658469 -0.15449788 -0.0446849  0.04813132 0
0.06275694 0.04123539 -0.04372228 -0.25830849 1
0.06358165 -0.15323598 -0.04888845 0.02026953 0
0.06051693 -0.34762397 -0.04848306 0.29713565 0
0.05356445 -0.15184561 -0.04254034 -0.01043524 1
0.05052754 -0.34633247 -0.04274905 0.26852804 0
0.04360089 -0.15062734 -0.03737849 -0.03732586 1
0.04058834 -0.3451939 -0.038125  0.24333341 0
0.03368446 -0.14954871 -0.03325834 -0.06112716 1
0.03069349 -0.34417841 -0.03448088 0.2208798 0
0.02380992 -0.148581  -0.03006328 -0.08247729 1
0.0208383 -0.34325939 -0.03171283 0.20057106 0
0.01397311 -0.14769856 -0.02770141 -0.10194469 1
0.01101914 -0.34241279 -0.0297403  0.18187142 0
0.00417088 -0.14687818 -0.02610287 -0.12004315 1
0.00123332 -0.34161661 -0.02850374 0.16429161 0
-0.00559901 -0.14609846 -0.0252179 -0.13724544 1
-0.00852098 -0.34085031 -0.02796281 0.14737617 0
-0.01533799 -0.14533932 -0.02501529 -0.15399567 1
-0.01824477 -0.34009432 -0.0280952  0.13069172 0
-0.02504666 -0.14458142 -0.02548137 -0.17072081 1
-0.02793829 -0.33932956 -0.02889578 0.11381586 0
-0.03472488 -0.53402581 -0.02661947 0.39724414 0
-0.0454054 -0.33853651 -0.01867458 0.09628887 1
-0.05217613 -0.5333859 -0.01674881 0.38302198 0
-0.06284384 -0.33803019 -0.00908837 0.08510561 1
-0.06960445 -0.5330207 -0.00738626 0.37490734 0
-0.08702075 -0.53291817 0.00170999 0.37262289 0
-0.09767912 -0.33782055 0.00916244 0.08047963 1
-0.10443553 -0.53307264 0.01077204 0.37603919 0
-0.11509698 -0.33810533 0.01829282 0.08677212 1
-0.12185909 -0.53348465 0.02002826 0.38516985 0
-0.13252878 -0.33865268 0.02773166 0.09886842 1
-0.13930183 -0.53416088 0.02970903 0.40017002 0
-0.14998505 -0.33947267 0.03771243 0.11699975 1
-0.1567745 -0.14491079 0.04005242 -0.16355073 1
-0.15967272 -0.34058254 0.03678141 0.14149376 0