-0.04468505 0.20784651 0.04686202 -0.27464991 1
-0.04052812 0.01208835 0.04136902 0.03243736 0
-0.04028636 0.20659338 0.04201777 -0.24691155 1
-0.03615449 0.01089731 0.03707954 0.05872306 0
-0.03593654 0.20546853 0.038254  -0.22203427 1
-0.03182717 0.00982128 0.03381331 0.08246584 0
-0.03163075 0.20444261 0.03546263 -0.19936007 1
-0.02754189 0.00883187 0.03147543 0.10429539 0
-0.02736526 0.20348894 0.03356134 -0.17829335 1
-0.02329548 0.00790319 0.02999547 0.12478526 0
-0.02313741 0.20258286 0.03249117 -0.15828555 1
-0.01908576 0.00701116 0.02932546 0.14446789 0
-0.01894553 0.20170113 0.03221482 -0.13882105 1
-0.01491151 0.00613295 0.0294384  0.16384854 0
-0.01478885 0.20082138 0.03271537 -0.11940394 1
-0.01077242 0.00524634 0.03032729 0.18341824 0
-0.0106675  0.19992152 0.03399566 -0.09954539 1
-0.00666907 0.39454018 0.03200475 -0.3813119 1
0.00122174 0.19897874 0.02437851 -0.07871217 0
0.00520131 0.39374288 0.02280427 -0.36360501 1
0.01307617 0.19830437 0.01553217 -0.06381959 0
0.01704226 0.39320023 0.01425578 -0.35156184 1
0.02490626 0.19787848 0.00722454 -0.05441793 0
0.02886383 0.3928961  0.00613618 -0.34481273 1
0.03672175 0.1976874 -0.00076007 -0.05020116 0
0.0406755  0.39282024 -0.0017641 -0.3431238 1
0.04853191 0.19772343 -0.00862657 -0.05099769 0
0.05248638 0.39296801 -0.00964653 -0.34638984 1
0.06034574 0.19798459 -0.01657432 -0.05676436 0
0.06430543 0.39334022 -0.01770961 -0.35463018 1
0.07217223 0.1984745 -0.02480221 -0.06758378 0
0.07614172 0.3939431 -0.02615389 -0.36798761 1
0.08402058 0.19920235 -0.03351364 -0.08366475 0
0.08800463 0.00457643 -0.03518694 0.19825902 0
0.08809616 0.20018354 -0.03122176 -0.10531284 1
0.09209983 0.0055226 -0.03332801 0.17735855 0
0.09221028 0.20110526 -0.02978084 -0.12564914 1
0.09623239 0.00642233 -0.03229382 0.1574915 0
0.09636083 0.2019914 -0.02914399 -0.14520189 1
0.10040066 0.00729868 -0.03204803 0.13814606 0
0.10054664 0.20286464 -0.02928511 -0.16447276 1
0.10460393 0.00817388 -0.03257457 0.11882957 0
0.10476741 0.20374704 -0.03019797 -0.18394977 1
0.10884235 0.0090699 -0.03387697 0.09905595 0
0.10902374 0.20466058 -0.03189585 -0.20411966 1
0.11311696 0.01000894 -0.03597824 0.0783335 0
0.11331713 0.20562769 -0.03441157 -0.22548006 1
0.11742969 0.01101401 -0.03892118 0.05615263 0
0.11764997 0.20667179 -0.03779812 -0.24855171 1
0.1217834  0.01210946 -0.04276916 0.03197334 0
0.12202559 0.20781781 -0.04212969 -0.27389104 1
0.12618195 0.01332151 -0.04760751 0.00521208 0
0.12644838 0.20909275 -0.04750327 -0.30210338 1
0.13063023 0.01467889 -0.05354534 -0.02477227 0
0.13092381 -0.17963592 -0.05404078 0.25054739 0
0.12733109 0.01621443 -0.04902984 -0.05867952 1
0.12765538 -0.17817149 -0.05020343 0.21813996 0
0.12409195 0.01763083 -0.04584063 -0.08994709 1
0.12444457 -0.1768051 -0.04763957 0.18792801 0
0.12090847 0.01896491 -0.04388101 -0.11939458 1
0.12128777 -0.17550176 -0.0462689  0.15912776 0
0.11777773 0.02025102 -0.04308634 -0.14778538 1
0.11818275 -0.17422829 -0.04604205 0.13099939 0
0.11469819 0.02152193 -0.04342206 -0.17584635 1
0.11512862 -0.17295256 -0.04693899 0.10282835 0
0.11166957 0.02280955 -0.04488242 -0.20428639 1
0.11212576 -0.17164277 -0.04896815 0.07390735 0
0.10869291 0.02414575 -0.04749  -0.23381427 1
0.10917582 -0.17026662 -0.05216629 0.04351869 0
0.10577049 -0.36460322 -0.05129592 0.31929711 0
0.09847843 -0.16878967 -0.04490997 0.01088874 1
0.09510263 -0.36323974 -0.0446922  0.28907066 0
0.08783784 -0.16750992 -0.03891079 -0.01736604 1
0.08448764 -0.36205287 -0.03925811 0.26279061 0
0.07724658 -0.16639317 -0.0340023 -0.04201172 1
0.07391872 -0.36101146 -0.03484253 0.23975222 0
0.06669849 -0.16540954 -0.03004749 -0.06371421 1
0.0633903 -0.36008809 -0.03132177 0.21933917 0
0.05618854 -0.16453273 -0.02693499 -0.08305708 1
0.05289788 -0.35925843 -0.02859613 0.20100759 0
0.04571271 -0.16373942 -0.02457598 -0.10055715 1
0.04243793 -0.35850069 -0.02658712 0.18427193 0
0.03526791 -0.16300861 -0.02290168 -0.11667824 1
0.03200774 -0.35779506 -0.02523525 0.16869231 0
0.02485184 -0.16232116 -0.0218614 -0.13184356 1
0.02160542 -0.35712325 -0.02449827 0.15386301 0
0.01446295 -0.16165924 -0.02142101 -0.14644679 1
0.01122977 -0.35646799 -0.02434995 0.13940199 0
0.00410041 -0.1610059 -0.02156191 -0.1608624 1
0.00088029 -0.35581264 -0.02477915 0.12494107 0
-0.00623596 -0.16034462 -0.02228033 -0.17545527 1
-0.00944286 -0.35514074 -0.02578944 0.11011651 0
-0.01654567 -0.15965891 -0.02358711 -0.19058998 1
-0.01973885 -0.35443562 -0.02739891 0.09455985 0
-0.02682756 -0.54915437 -0.02550771 0.37847408 0
-0.03781065 -0.35367963 -0.01793823 0.0778589 1
-0.04488424 -0.5485399 -0.01638105 0.36482872 0
-0.05585504 -0.35318902 -0.00908448 0.0670259 1
-0.06291882 -0.54817956 -0.00774396 0.35682884 0
-0.07388241 -0.35294837 -0.00060738 0.06171414 1