-0.05 +0.01 -0.13 -0.06 +0.07 -0.11 +0.00 +0.00 2
-0.05 +0.01 -0.13 -0.08 +0.07 -0.11 +0.00 +0.00 0
-0.05 +0.01 -0.13 -0.11 +0.06 -0.11 +0.00 +0.00 0
-0.05 +0.01 -0.14 -0.08 +0.05 -0.12 +0.00 +0.00 2
-0.05 +0.00 -0.14 -0.06 +0.05 -0.11 +0.00 +0.00 2
-0.05 +0.00 -0.14 -0.09 +0.04 -0.11 +0.00 +0.00 0
-0.05 +0.00 -0.14 -0.08 +0.04 -0.11 +0.00 +0.00 2
-0.06 +0.00 -0.13 -0.04 +0.03 -0.13 +0.00 +1.00 2
-0.06 +0.00 -0.13 -0.06 +0.02 -0.20 +0.00 +1.00 0
-0.06 -0.00 -0.13 -0.08 +0.01 -0.27 +0.00 +1.00 0
-0.06 -0.00 -0.13 -0.10 -0.01 -0.34 +1.00 +1.00 0
-0.06 -0.00 -0.12 -0.08 -0.02 -0.27 +1.00 +1.00 0
-0.06 -0.00 -0.11 -0.06 -0.03 -0.22 +1.00 +1.00 0
-0.06 -0.00 -0.10 -0.04 -0.04 -0.15 +1.00 +1.00 0
-0.07 -0.00 -0.09 -0.02 -0.05 -0.08 +1.00 +1.00 0
-0.07 -0.00 -0.08 -0.00 -0.05 -0.01 +1.00 +1.00 0
-0.07 -0.00 -0.07 +0.02 -0.04 +0.05 +1.00 +1.00 0
-0.07 -0.00 -0.06 +0.03 -0.04 +0.10 +1.00 +1.00 0
-0.07 -0.00 -0.06 +0.04 -0.03 +0.13 +1.00 +1.00 0
-0.07 -0.00 -0.05 +0.04 -0.03 +0.13 +1.00 +1.00 0
-0.07 -0.00 -0.05 +0.03 -0.02 +0.12 +1.00 +1.00 0
-0.07 -0.00 -0.04 +0.03 -0.02 +0.09 +1.00 +1.00 0
-0.07 -0.00 -0.04 +0.02 -0.01 +0.06 +1.00 +1.00 0
-0.07 -0.00 -0.03 +0.01 -0.01 +0.04 +1.00 +1.00 0
-0.07 -0.00 -0.03 +0.01 -0.01 +0.03 +1.00 +1.00 0
-0.07 -0.00 -0.02 +0.01 -0.01 +0.03 +1.00 +1.00 0
-0.07 -0.00 -0.02 +0.01 -0.01 +0.04 +1.00 +1.00 0
-0.07 -0.00 -0.01 +0.01 -0.00 +0.05 +1.00 +1.00 0
-0.07 -0.00 -0.01 +0.01 -0.00 +0.05 +1.00 +1.00 0
-0.07 -0.00 -0.01 +0.00 -0.00 -0.00 +1.00 +1.00 0
-0.07 -0.00 -0.00 -0.00 -0.00 +0.00 +1.00 +1.00 0
-0.07 -0.00 +0.00 -0.00 -0.00 -0.00 +1.00 +1.00 0
-0.07 -0.00 +0.00 +0.00 -0.00 -0.00 +1.00 +1.00 0
-0.07 -0.00 +0.00 +0.00 -0.00 -0.00 +1.00 +1.00 0
-0.07 -0.00 +0.00 +0.00 -0.00 -0.00 +1.00 +1.00 0
-0.07 -0.00 -0.00 -0.00 -0.00 +0.00 +1.00 +1.00 0
-0.07 -0.00 -0.00 -0.00 -0.00 +0.00 +1.00 +1.00 0
-0.07 -0.00 -0.00 -0.00 -0.00 +0.00 +1.00 +1.00 0
-0.07 -0.00 +0.00 +0.00 -0.00 -0.00 +1.00 +1.00 0
-0.07 -0.00 +0.00 +0.00 -0.00 -0.00 +1.00 +1.00 0
-0.07 -0.00 +0.00 +0.00 -0.00 -0.00 +1.00 +1.00 0
-0.07 -0.00 -0.00 -0.00 -0.00 +0.00 +1.00 +1.00 0
-0.07 -0.00 -0.00 -0.00 -0.00 +0.00 +1.00 +1.00 0
-0.07 -0.00 -0.00 -0.00 -0.00 +0.00 +1.00 +1.00 0
-0.07 -0.00 +0.00 -0.00 -0.00 -0.00 +1.00 +1.00 0
-0.07 -0.00 +0.00 +0.00 -0.00 -0.00 +1.00 +1.00 0
-0.07 -0.00 +0.00 +0.00 -0.00 -0.00 +1.00 +1.00 0
-0.07 -0.00 +0.00 -0.00 -0.00 -0.00 +1.00 +1.00 0
-0.07 -0.00 -0.00 -0.00 -0.00 +0.00 +1.00 +1.00 0
-0.07 -0.00 -0.00 -0.00 -0.00 +0.00 +1.00 +1.00 0
-0.07 -0.00 -0.00 -0.00 -0.00 +0.00 +1.00 +1.00 0
-0.07 -0.00 +0.00 -0.00 -0.00 -0.00 +1.00 +1.00 0
-0.07 -0.00 +0.00 +0.00 -0.00 -0.00 +1.00 +1.00 0
-0.07 -0.00 +0.00 +0.00 -0.00 -0.00 +1.00 +1.00 0
-0.07 -0.00 +0.00 +0.00 -0.00 -0.00 +1.00 +1.00 0
-0.07 -0.00 +0.00 +0.00 -0.00 +0.00 +1.00 +1.00 0
+0.02 +0.93 +0.78 -0.47 -0.02 -0.15 +0.00 +0.00 1
+0.02 +0.92 +0.77 -0.50 -0.02 -0.11 +0.00 +0.00 1
+0.03 +0.91 +0.76 -0.53 -0.03 -0.07 +0.00 +0.00 1
+0.04 +0.90 +0.76 -0.55 -0.03 -0.03 +0.00 +0.00 1
+0.05 +0.89 +0.75 -0.58 -0.03 -0.00 +0.00 +0.00 1
+0.05 +0.89 +0.74 -0.60 -0.03 +0.03 +0.00 +0.00 1
+0.06 +0.88 +0.73 -0.63 -0.02 +0.07 +0.00 +0.00 1
+0.07 +0.87 +0.72 -0.66 -0.02 +0.12 +0.00 +0.00 1
+0.08 +0.86 +0.71 -0.68 -0.01 +0.14 +0.00 +0.00 1
+0.08 +0.85 +0.70 -0.71 +0.00 +0.19 +0.00 +0.00 1
+0.09 +0.83 +0.70 -0.74 +0.01 +0.19 +0.00 +0.00 0
+0.10 +0.82 +0.70 -0.76 +0.02 +0.19 +0.00 +0.00 0
+0.10 +0.81 +0.70 -0.79 +0.03 +0.19 +0.00 +0.00 0
+0.11 +0.80 +0.70 -0.82 +0.04 +0.19 +0.00 +0.00 0
+0.12 +0.79 +0.70 -0.84 +0.05 +0.19 +0.00 +0.00 0
+0.12 +0.77 +0.70 -0.81 +0.06 +0.20 +0.00 +0.00 2
+0.13 +0.76 +0.69 -0.78 +0.07 +0.19 +0.00 +0.00 2
+0.14 +0.75 +0.69 -0.81 +0.08 +0.19 +0.00 +0.00 0
+0.15 +0.74 +0.68 -0.81 +0.09 +0.18 +0.00 +0.00 2
+0.15 +0.73 +0.67 -0.79 +0.10 +0.18 +0.00 +0.00 2
+0.16 +0.71 +0.67 -0.78 +0.10 +0.19 +0.00 +0.00 2
+0.17 +0.70 +0.66 -0.75 +0.11 +0.18 +0.00 +0.00 2
+0.17 +0.69 +0.66 -0.74 +0.12 +0.19 +0.00 +0.00 2
+0.18 +0.68 +0.65 -0.70 +0.13 +0.19 +0.00 +0.00 2
+0.19 +0.67 +0.66 -0.73 +0.14 +0.16 +0.00 +0.00 3
+0.19 +0.66 +0.66 -0.70 +0.15 +0.18 +0.00 +0.00 2
+0.20 +0.65 +0.64 -0.67 +0.16 +0.17 +0.00 +0.00 2
+0.21 +0.64 +0.64 -0.64 +0.17 +0.18 +0.00 +0.00 2
+0.21 +0.63 +0.64 -0.66 +0.17 +0.15 +0.00 +0.00 3
+0.22 +0.62 +0.62 -0.66 +0.18 +0.13 +0.00 +0.00 2
+0.22 +0.61 +0.59 -0.64 +0.19 +0.11 +0.00 +0.00 2
+0.23 +0.60 +0.56 -0.60 +0.19 +0.10 +0.00 +0.00 2
+0.24 +0.59 +0.55 -0.59 +0.20 +0.11 +0.00 +0.00 2
+0.24 +0.58 +0.54 -0.55 +0.20 +0.12 +0.00 +0.00 2
+0.25 +0.58 +0.54 -0.58 +0.21 +0.12 +0.00 +0.00 0
+0.25 +0.57 +0.53 -0.57 +0.21 +0.12 +0.00 +0.00 2
+0.26 +0.56 +0.50 -0.55 +0.22 +0.11 +0.00 +0.00 2
+0.26 +0.55 +0.50 -0.52 +0.23 +0.12 +0.00 +0.00 2
+0.27 +0.54 +0.50 -0.52 +0.23 +0.13 +0.00 +0.00 2
+0.27 +0.54 +0.47 -0.51 +0.24 +0.11 +0.00 +0.00 2
+0.28 +0.53 +0.46 -0.49 +0.24 +0.12 +0.00 +0.00 2
+0.28 +0.52 +0.45 -0.45 +0.25 +0.13 +0.00 +0.00 2
+0.29 +0.51 +0.45 -0.48 +0.25 +0.10 +0.00 +0.00 3
+0.29 +0.51 +0.43 -0.45 +0.26 +0.09 +0.00 +0.00 2