['-0.00', '+0.94', '-0.13', '-0.15', '+0.00', '-0.01', '+0.00', '+0.00', 3]
['-0.00', '+0.93', '-0.12', '-0.18', '-0.00', '-0.05', '+0.00', '+0.00', 3]
['-0.01', '+0.93', '-0.12', '-0.21', '-0.00', '-0.05', '+0.00', '+0.00', 0]
['-0.01', '+0.93', '-0.12', '-0.23', '-0.01', '-0.05', '+0.00', '+0.00', 0]
['-0.01', '+0.92', '-0.12', '-0.26', '-0.01', '-0.05', '+0.00', '+0.00', 0]
['-0.01', '+0.92', '-0.12', '-0.29', '-0.01', '-0.05', '+0.00', '+0.00', 0]
['-0.01', '+0.91', '-0.12', '-0.31', '-0.02', '-0.05', '+0.00', '+0.00', 0]
['-0.01', '+0.91', '-0.12', '-0.34', '-0.02', '-0.05', '+0.00', '+0.00', 0]
['-0.01', '+0.90', '-0.12', '-0.37', '-0.02', '-0.05', '+0.00', '+0.00', 0]
['-0.01', '+0.90', '-0.12', '-0.39', '-0.02', '-0.05', '+0.00', '+0.00', 0]
['-0.01', '+0.89', '-0.12', '-0.42', '-0.03', '-0.05', '+0.00', '+0.00', 0]
['-0.02', '+0.88', '-0.12', '-0.45', '-0.03', '-0.05', '+0.00', '+0.00', 0]
['-0.02', '+0.88', '-0.12', '-0.47', '-0.03', '-0.05', '+0.00', '+0.00', 0]
['-0.02', '+0.87', '-0.12', '-0.50', '-0.03', '-0.05', '+0.00', '+0.00', 0]
['-0.02', '+0.86', '-0.12', '-0.53', '-0.04', '-0.05', '+0.00', '+0.00', 0]
['-0.02', '+0.85', '-0.12', '-0.55', '-0.04', '-0.05', '+0.00', '+0.00', 0]
['-0.02', '+0.85', '-0.12', '-0.58', '-0.04', '-0.05', '+0.00', '+0.00', 0]
['-0.02', '+0.84', '-0.12', '-0.61', '-0.04', '-0.05', '+0.00', '+0.00', 0]
['-0.02', '+0.83', '-0.12', '-0.63', '-0.05', '-0.05', '+0.00', '+0.00', 0]
['-0.03', '+0.82', '-0.12', '-0.66', '-0.05', '-0.05', '+0.00', '+0.00', 0]
['-0.03', '+0.81', '-0.12', '-0.69', '-0.05', '-0.05', '+0.00', '+0.00', 0]
['-0.03', '+0.80', '-0.12', '-0.71', '-0.06', '-0.05', '+0.00', '+0.00', 0]
['-0.03', '+0.79', '-0.12', '-0.74', '-0.06', '-0.05', '+0.00', '+0.00', 0]
['-0.03', '+0.77', '-0.12', '-0.77', '-0.06', '-0.05', '+0.00', '+0.00', 0]
['-0.03', '+0.76', '-0.12', '-0.79', '-0.06', '-0.05', '+0.00', '+0.00', 0]
['-0.03', '+0.75', '-0.12', '-0.82', '-0.07', '-0.05', '+0.00', '+0.00', 0]
['-0.03', '+0.74', '-0.12', '-0.85', '-0.07', '-0.05', '+0.00', '+0.00', 0]
['-0.04', '+0.72', '-0.13', '-0.81', '-0.07', '-0.07', '+0.00', '+0.00', 2]
['-0.04', '+0.71', '-0.12', '-0.79', '-0.08', '-0.07', '+0.00', '+0.00', 2]
['-0.04', '+0.70', '-0.12', '-0.82', '-0.08', '-0.07', '+0.00', '+0.00', 0]
['-0.04', '+0.69', '-0.12', '-0.77', '-0.08', '-0.08', '+0.00', '+0.00', 2]
['-0.04', '+0.68', '-0.12', '-0.76', '-0.09', '-0.08', '+0.00', '+0.00', 2]
['-0.04', '+0.67', '-0.10', '-0.75', '-0.09', '-0.07', '+0.00', '+0.00', 2]
['-0.04', '+0.65', '-0.09', '-0.74', '-0.09', '-0.06', '+0.00', '+0.00', 2]
['-0.04', '+0.64', '-0.09', '-0.72', '-0.10', '-0.07', '+0.00', '+0.00', 2]
['-0.04', '+0.63', '-0.10', '-0.75', '-0.10', '-0.03', '+0.00', '+0.00', 1]
['-0.05', '+0.62', '-0.08', '-0.73', '-0.10', '-0.02', '+0.00', '+0.00', 2]
['-0.05', '+0.61', '-0.08', '-0.71', '-0.10', '-0.02', '+0.00', '+0.00', 2]
['-0.05', '+0.60', '-0.06', '-0.68', '-0.10', '-0.02', '+0.00', '+0.00', 2]
['-0.05', '+0.59', '-0.05', '-0.68', '-0.10', '-0.01', '+0.00', '+0.00', 2]
['-0.05', '+0.58', '-0.06', '-0.64', '-0.10', '-0.03', '+0.00', '+0.00', 2]
['-0.05', '+0.57', '-0.06', '-0.67', '-0.10', '-0.03', '+0.00', '+0.00', 0]
['-0.05', '+0.56', '-0.05', '-0.65', '-0.11', '-0.03', '+0.00', '+0.00', 2]
['-0.05', '+0.55', '-0.03', '-0.65', '-0.11', '-0.01', '+0.00', '+0.00', 2]
['-0.05', '+0.54', '-0.01', '-0.62', '-0.11', '-0.00', '+0.00', '+0.00', 2]
['-0.05', '+0.53', '+0.00', '-0.60', '-0.11', '+0.00', '+0.00', '+0.00', 2]
['-0.05', '+0.52', '+0.00', '-0.62', '-0.11', '+0.00', '+0.00', '+0.00', 0]
['-0.05', '+0.52', '+0.01', '-0.61', '-0.11', '+0.01', '+0.00', '+0.00', 2]
['-0.05', '+0.51', '+0.00', '-0.61', '-0.11', '-0.01', '+0.00', '+0.00', 2]
['-0.05', '+0.50', '-0.01', '-0.57', '-0.11', '-0.03', '+0.00', '+0.00', 2]
['-0.05', '+0.49', '-0.02', '-0.60', '-0.11', '+0.02', '+0.00', '+0.00', 1]
['-0.05', '+0.48', '-0.01', '-0.57', '-0.11', '+0.01', '+0.00', '+0.00', 2]
['-0.05', '+0.47', '-0.01', '-0.57', '-0.11', '+0.01', '+0.00', '+0.00', 2]
['-0.05', '+0.46', '-0.01', '-0.54', '-0.11', '+0.00', '+0.00', '+0.00', 2]
['-0.05', '+0.46', '-0.01', '-0.52', '-0.11', '-0.00', '+0.00', '+0.00', 2]
['-0.05', '+0.45', '-0.01', '-0.54', '-0.11', '-0.00', '+0.00', '+0.00', 0]
['-0.05', '+0.44', '-0.02', '-0.52', '-0.11', '-0.02', '+0.00', '+0.00', 2]
['-0.05', '+0.43', '-0.01', '-0.51', '-0.11', '-0.02', '+0.00', '+0.00', 2]
['-0.05', '+0.42', '-0.02', '-0.54', '-0.11', '+0.02', '+0.00', '+0.00', 1]
['-0.05', '+0.42', '-0.02', '-0.54', '-0.11', '+0.02', '+0.00', '+0.00', 2]
['-0.05', '+0.41', '-0.01', '-0.52', '-0.10', '+0.02', '+0.00', '+0.00', 2]
['-0.05', '+0.40', '+0.00', '-0.50', '-0.10', '+0.03', '+0.00', '+0.00', 2]
['-0.05', '+0.39', '+0.00', '-0.48', '-0.10', '+0.02', '+0.00', '+0.00', 2]
['-0.05', '+0.39', '-0.00', '-0.46', '-0.10', '+0.01', '+0.00', '+0.00', 2]
['-0.05', '+0.38', '-0.00', '-0.48', '-0.10', '+0.01', '+0.00', '+0.00', 0]
['-0.05', '+0.37', '-0.01', '-0.44', '-0.10', '-0.01', '+0.00', '+0.00', 2]
['-0.05', '+0.37', '-0.01', '-0.47', '-0.10', '-0.01', '+0.00', '+0.00', 0]
['-0.05', '+0.36', '+0.00', '-0.46', '-0.10', '-0.01', '+0.00', '+0.00', 2]
['-0.05', '+0.35', '+0.02', '-0.46', '-0.10', '+0.01', '+0.00', '+0.00', 2]
['-0.05', '+0.35', '+0.02', '-0.42', '-0.10', '+0.00', '+0.00', '+0.00', 2]
['-0.05', '+0.34', '+0.02', '-0.42', '-0.10', '-0.01', '+0.00', '+0.00', 2]
['-0.05', '+0.33', '+0.04', '-0.39', '-0.10', '+0.00', '+0.00', '+0.00', 2]
['-0.05', '+0.33', '+0.03', '-0.41', '-0.10', '+0.04', '+0.00', '+0.00', 1]
['-0.05', '+0.32', '+0.05', '-0.40', '-0.10', '+0.05', '+0.00', '+0.00', 2]
['-0.05', '+0.32', '+0.04', '-0.39', '-0.10', '+0.04', '+0.00', '+0.00', 2]
['-0.05', '+0.31', '+0.04', '-0.41', '-0.09', '+0.04', '+0.00', '+0.00', 0]
['-0.05', '+0.30', '+0.04', '-0.38', '-0.09', '+0.03', '+0.00', '+0.00', 2]
['-0.05', '+0.30', '+0.04', '-0.40', '-0.09', '+0.03', '+0.00', '+0.00', 0]
['-0.05', '+0.29', '+0.06', '-0.39', '-0.09', '+0.05', '+0.00', '+0.00', 2]
['-0.05', '+0.29', '+0.06', '-0.38', '-0.09', '+0.04', '+0.00', '+0.00', 2]
['-0.05', '+0.28', '+0.05', '-0.37', '-0.09', '+0.02', '+0.00', '+0.00', 2]
['-0.04', '+0.27', '+0.06', '-0.36', '-0.08', '+0.03', '+0.00', '+0.00', 2]
['-0.04', '+0.27', '+0.06', '-0.32', '-0.08', '+0.02', '+0.00', '+0.00', 2]
['-0.04', '+0.26', '+0.06', '-0.35', '-0.08', '+0.02', '+0.00', '+0.00', 0]
['-0.04', '+0.26', '+0.07', '-0.33', '-0.08', '+0.02', '+0.00', '+0.00', 2]
['-0.04', '+0.25', '+0.07', '-0.35', '-0.08', '+0.02', '+0.00', '+0.00', 0]
['-0.04', '+0.25', '+0.09', '-0.34', '-0.08', '+0.04', '+0.00', '+0.00', 2]
['-0.04', '+0.24', '+0.09', '-0.33', '-0.08', '+0.04', '+0.00', '+0.00', 2]
['-0.04', '+0.24', '+0.10', '-0.32', '-0.07', '+0.04', '+0.00', '+0.00', 2]
['-0.04', '+0.23', '+0.10', '-0.34', '-0.07', '+0.04', '+0.00', '+0.00', 0]
['-0.04', '+0.23', '+0.10', '-0.34', '-0.07', '+0.04', '+0.00', '+0.00', 2]
['-0.04', '+0.22', '+0.11', '-0.30', '-0.07', '+0.04', '+0.00', '+0.00', 2]
['-0.04', '+0.22', '+0.11', '-0.33', '-0.07', '+0.04', '+0.00', '+0.00', 0]
['-0.03', '+0.22', '+0.11', '-0.30', '-0.06', '+0.04', '+0.00', '+0.00', 2]
['-0.03', '+0.21', '+0.11', '-0.26', '-0.06', '+0.03', '+0.00', '+0.00', 2]
['-0.03', '+0.21', '+0.11', '-0.29', '-0.06', '+0.03', '+0.00', '+0.00', 0]
['-0.03', '+0.20', '+0.11', '-0.31', '-0.06', '+0.03', '+0.00', '+0.00', 0]
['-0.03', '+0.20', '+0.11', '-0.30', '-0.06', '+0.03', '+0.00', '+0.00', 2]
['-0.03', '+0.19', '+0.13', '-0.26', '-0.06', '+0.04', '+0.00', '+0.00', 2]
['-0.03', '+0.19', '+0.13', '-0.29', '-0.05', '+0.04', '+0.00', '+0.00', 0]
['-0.03', '+0.19', '+0.14', '-0.27', '-0.05', '+0.05', '+0.00', '+0.00', 2]
['-0.02', '+0.18', '+0.14', '-0.29', '-0.05', '+0.05', '+0.00', '+0.00', 0]
['-0.02', '+0.18', '+0.17', '-0.25', '-0.04', '+0.07', '+0.00', '+0.00', 2]
['-0.02', '+0.17', '+0.17', '-0.28', '-0.04', '+0.07', '+0.00', '+0.00', 0]
['-0.02', '+0.17', '+0.16', '-0.27', '-0.04', '+0.06', '+0.00', '+0.00', 2]
['-0.02', '+0.17', '+0.17', '-0.25', '-0.04', '+0.07', '+0.00', '+0.00', 2]
['-0.02', '+0.16', '+0.17', '-0.27', '-0.03', '+0.07', '+0.00', '+0.00', 0]
['-0.01', '+0.16', '+0.18', '-0.25', '-0.03', '+0.07', '+0.00', '+0.00', 2]
['-0.01', '+0.15', '+0.19', '-0.22', '-0.02', '+0.08', '+0.00', '+0.00', 2]
['-0.01', '+0.15', '+0.19', '-0.24', '-0.02', '+0.08', '+0.00', '+0.00', 0]
['-0.01', '+0.15', '+0.19', '-0.27', '-0.02', '+0.08', '+0.00', '+0.00', 0]
['-0.01', '+0.14', '+0.21', '-0.27', '-0.01', '+0.10', '+0.00', '+0.00', 2]
['-0.00', '+0.14', '+0.20', '-0.23', '-0.01', '+0.08', '+0.00', '+0.00', 2]
['-0.00', '+0.14', '+0.20', '-0.26', '-0.00', '+0.08', '+0.00', '+0.00', 0]
['+0.00', '+0.13', '+0.21', '-0.23', '+0.00', '+0.10', '+0.00', '+0.00', 2]
['+0.00', '+0.13', '+0.21', '-0.25', '+0.01', '+0.10', '+0.00', '+0.00', 0]
['+0.00', '+0.12', '+0.20', '-0.26', '+0.01', '+0.09', '+0.00', '+0.00', 2]
['+0.01', '+0.12', '+0.19', '-0.21', '+0.02', '+0.08', '+0.00', '+0.00', 2]
['+0.01', '+0.12', '+0.19', '-0.24', '+0.02', '+0.08', '+0.00', '+0.00', 0]
['+0.01', '+0.11', '+0.19', '-0.24', '+0.02', '+0.09', '+0.00', '+0.00', 2]
['+0.01', '+0.11', '+0.18', '-0.21', '+0.03', '+0.08', '+0.00', '+0.00', 2]
['+0.01', '+0.11', '+0.18', '-0.19', '+0.03', '+0.08', '+0.00', '+0.00', 2]
['+0.02', '+0.10', '+0.18', '-0.22', '+0.04', '+0.08', '+0.00', '+0.00', 0]
['+0.02', '+0.10', '+0.18', '-0.22', '+0.04', '+0.08', '+0.00', '+0.00', 2]
['+0.02', '+0.10', '+0.18', '-0.19', '+0.04', '+0.08', '+0.00', '+0.00', 2]
['+0.02', '+0.10', '+0.16', '-0.18', '+0.05', '+0.06', '+0.00', '+0.00', 2]
['+0.02', '+0.09', '+0.16', '-0.21', '+0.05', '+0.06', '+0.00', '+0.00', 0]
['+0.02', '+0.09', '+0.15', '-0.20', '+0.05', '+0.06', '+0.00', '+0.00', 2]
['+0.03', '+0.09', '+0.16', '-0.16', '+0.06', '+0.07', '+0.00', '+0.00', 2]
['+0.03', '+0.08', '+0.16', '-0.19', '+0.06', '+0.07', '+0.00', '+0.00', 0]
['+0.03', '+0.08', '+0.15', '-0.18', '+0.06', '+0.06', '+0.00', '+0.00', 2]
['+0.03', '+0.08', '+0.15', '-0.15', '+0.07', '+0.07', '+0.00', '+0.00', 2]
['+0.03', '+0.08', '+0.15', '-0.17', '+0.07', '+0.07', '+0.00', '+0.00', 0]
['+0.03', '+0.07', '+0.13', '-0.17', '+0.07', '+0.06', '+0.00', '+0.00', 2]
['+0.04', '+0.07', '+0.13', '-0.16', '+0.08', '+0.06', '+0.00', '+0.00', 2]
['+0.04', '+0.07', '+0.12', '-0.12', '+0.08', '+0.06', '+0.00', '+0.00', 2]
['+0.04', '+0.07', '+0.12', '-0.14', '+0.08', '+0.06', '+0.00', '+0.00', 0]
['+0.04', '+0.07', '+0.12', '-0.17', '+0.08', '+0.06', '+0.00', '+0.00', 0]
['+0.04', '+0.06', '+0.11', '-0.13', '+0.09', '+0.05', '+0.00', '+0.00', 2]
['+0.04', '+0.06', '+0.11', '-0.16', '+0.09', '+0.05', '+0.00', '+0.00', 0]
['+0.04', '+0.06', '+0.11', '-0.15', '+0.09', '+0.06', '+0.00', '+0.00', 2]
['+0.04', '+0.06', '+0.12', '-0.14', '+0.10', '+0.07', '+0.00', '+0.00', 2]
['+0.04', '+0.05', '+0.10', '-0.12', '+0.10', '+0.06', '+0.00', '+0.00', 2]
['+0.05', '+0.05', '+0.10', '-0.15', '+0.10', '+0.06', '+0.00', '+0.00', 0]
['+0.05', '+0.05', '+0.09', '-0.15', '+0.10', '+0.05', '+0.00', '+0.00', 2]
['+0.05', '+0.05', '+0.09', '-0.11', '+0.11', '+0.07', '+0.00', '+0.00', 2]
['+0.05', '+0.05', '+0.10', '-0.13', '+0.11', '+0.03', '+0.00', '+0.00', 3]
['+0.05', '+0.04', '+0.11', '-0.12', '+0.11', '+0.04', '+0.00', '+0.00', 2]
['+0.05', '+0.04', '+0.12', '-0.12', '+0.11', '+0.06', '+0.00', '+0.00', 2]
['+0.05', '+0.04', '+0.12', '-0.08', '+0.12', '+0.07', '+0.00', '+0.00', 2]
['+0.05', '+0.04', '+0.13', '-0.10', '+0.12', '+0.02', '+0.00', '+0.00', 3]
['+0.05', '+0.04', '+0.13', '-0.13', '+0.12', '+0.02', '+0.00', '+0.00', 0]
['+0.06', '+0.04', '+0.13', '-0.11', '+0.12', '+0.03', '+0.00', '+0.00', 2]
['+0.06', '+0.04', '+0.12', '-0.07', '+0.12', '+0.04', '+0.00', '+0.00', 2]
['+0.06', '+0.03', '+0.12', '-0.10', '+0.13', '+0.04', '+0.00', '+0.00', 0]
['+0.06', '+0.03', '+0.12', '-0.12', '+0.13', '+0.04', '+0.00', '+0.00', 0]
['+0.06', '+0.03', '+0.11', '-0.08', '+0.13', '+0.03', '+0.00', '+0.00', 2]
['+0.06', '+0.03', '+0.11', '-0.11', '+0.13', '+0.03', '+0.00', '+0.00', 0]
['+0.06', '+0.03', '+0.09', '-0.11', '+0.13', '+0.02', '+0.00', '+0.00', 2]
['+0.06', '+0.03', '+0.08', '-0.09', '+0.13', '+0.02', '+0.00', '+0.00', 2]
['+0.06', '+0.02', '+0.08', '-0.12', '+0.13', '+0.02', '+0.00', '+0.00', 0]
['+0.06', '+0.02', '+0.06', '-0.10', '+0.13', '+0.01', '+0.00', '+0.00', 2]
['+0.07', '+0.02', '+0.07', '-0.09', '+0.13', '+0.02', '+0.00', '+0.00', 2]
['+0.07', '+0.02', '+0.06', '-0.04', '+0.14', '+0.03', '+0.00', '+0.00', 2]
['+0.07', '+0.02', '+0.07', '-0.07', '+0.14', '-0.00', '+0.00', '+0.00', 3]
['+0.07', '+0.02', '+0.07', '-0.10', '+0.14', '-0.00', '+0.00', '+0.00', 0]
['+0.07', '+0.02', '+0.05', '-0.09', '+0.14', '-0.01', '+0.00', '+0.00', 2]
['+0.07', '+0.02', '+0.06', '-0.06', '+0.14', '+0.01', '+0.00', '+0.00', 2]
['+0.07', '+0.02', '+0.06', '-0.09', '+0.14', '+0.01', '+0.00', '+0.00', 0]
['+0.07', '+0.01', '+0.04', '-0.05', '+0.14', '+0.00', '+0.00', '+0.00', 2]
['+0.07', '+0.01', '+0.04', '-0.08', '+0.14', '+0.00', '+0.00', '+0.00', 0]
['+0.07', '+0.01', '+0.02', '-0.08', '+0.14', '-0.01', '+0.00', '+0.00', 2]
['+0.07', '+0.01', '+0.02', '-0.06', '+0.14', '-0.01', '+0.00', '+0.00', 2]
['+0.07', '+0.01', '+0.02', '-0.08', '+0.13', '-0.01', '+0.00', '+0.00', 0]
['+0.07', '+0.01', '+0.01', '-0.05', '+0.13', '-0.18', '+0.00', '+1.00', 2]
['+0.07', '+0.01', '+0.01', '-0.06', '+0.11', '-0.25', '+0.00', '+1.00', 0]
['+0.07', '+0.01', '+0.01', '-0.08', '+0.10', '-0.33', '+0.00', '+1.00', 0]
['+0.07', '+0.01', '+0.01', '-0.10', '+0.08', '-0.40', '+0.00', '+1.00', 0]
['+0.07', '+0.00', '+0.03', '-0.10', '+0.06', '-0.38', '+0.00', '+1.00', 2]
['+0.07', '+0.00', '+0.01', '-0.07', '+0.04', '-0.39', '+0.00', '+1.00', 2]
['+0.07', '+0.00', '+0.01', '-0.10', '+0.02', '-0.39', '+0.00', '+1.00', 0]
['+0.07', '-0.00', '+0.01', '-0.09', '-0.00', '-0.40', '+0.00', '+0.00', 2]
['+0.07', '-0.00', '-0.00', '-0.12', '-0.02', '-0.37', '+1.00', '+0.00', 1]
['+0.07', '-0.00', '-0.00', '-0.09', '-0.03', '-0.11', '+1.00', '+0.00', 2]
['+0.07', '-0.00', '-0.00', '-0.06', '-0.03', '-0.11', '+1.00', '+1.00', 0]
['+0.07', '-0.00', '-0.00', '-0.03', '-0.04', '-0.12', '+1.00', '+1.00', 0]
['+0.07', '-0.00', '+0.00', '-0.00', '-0.04', '-0.12', '+1.00', '+1.00', 0]
['+0.07', '-0.00', '-0.00', '+0.01', '-0.04', '+0.03', '+1.00', '+1.00', 0]
['+0.07', '-0.00', '+0.00', '+0.02', '-0.04', '+0.08', '+1.00', '+1.00', 0]
['+0.07', '-0.00', '+0.00', '+0.03', '-0.03', '+0.11', '+1.00', '+1.00', 0]
['+0.07', '-0.00', '+0.00', '+0.04', '-0.03', '+0.12', '+1.00', '+1.00', 0]
['+0.07', '-0.00', '+0.00', '+0.04', '-0.02', '+0.12', '+1.00', '+1.00', 0]
['+0.07', '-0.00', '+0.00', '+0.03', '-0.02', '+0.10', '+1.00', '+1.00', 0]
['+0.07', '-0.00', '+0.00', '+0.02', '-0.01', '+0.08', '+1.00', '+1.00', 0]
['+0.07', '-0.00', '+0.00', '+0.02', '-0.01', '+0.06', '+1.00', '+1.00', 0]
['+0.07', '-0.00', '-0.00', '+0.01', '-0.01', '+0.04', '+1.00', '+1.00', 0]
['+0.07', '-0.00', '-0.00', '+0.01', '-0.01', '+0.03', '+1.00', '+1.00', 0]
['+0.07', '-0.00', '-0.00', '+0.01', '-0.00', '+0.03', '+1.00', '+1.00', 0]
['+0.07', '-0.00', '-0.00', '+0.01', '-0.00', '+0.04', '+1.00', '+1.00', 0]
['+0.07', '-0.00', '+0.00', '+0.01', '+0.00', '+0.05', '+1.00', '+1.00', 0]
['+0.07', '-0.00', '-0.00', '+0.00', '+0.00', '+0.00', '+1.00', '+1.00', 0]
['+0.07', '-0.00', '-0.00', '-0.00', '+0.00', '+0.00', '+1.00', '+1.00', 0]
['+0.07', '-0.00', '+0.00', '-0.00', '+0.00', '-0.00', '+1.00', '+1.00', 0]
['+0.07', '-0.00', '+0.00', '+0.00', '+0.00', '-0.00', '+1.00', '+1.00', 0]
['+0.07', '-0.00', '+0.00', '+0.00', '+0.00', '-0.00', '+1.00', '+1.00', 0]
['+0.07', '-0.00', '-0.00', '-0.00', '+0.00', '+0.00', '+1.00', '+1.00', 0]
['+0.07', '-0.00', '-0.00', '-0.00', '+0.00', '+0.00', '+1.00', '+1.00', 0]
['+0.07', '-0.00', '-0.00', '-0.00', '+0.00', '+0.00', '+1.00', '+1.00', 0]
['+0.07', '-0.00', '+0.00', '+0.00', '+0.00', '-0.00', '+1.00', '+1.00', 0]
['+0.07', '-0.00', '+0.00', '+0.00', '+0.00', '-0.00', '+1.00', '+1.00', 0]
['+0.07', '-0.00', '+0.00', '+0.00', '+0.00', '-0.00', '+1.00', '+1.00', 0]
['+0.07', '-0.00', '-0.00', '-0.00', '+0.00', '+0.00', '+1.00', '+1.00', 0]
['+0.07', '-0.00', '-0.00', '-0.00', '+0.00', '+0.00', '+1.00', '+1.00', 0]
['+0.07', '-0.00', '-0.00', '+0.00', '+0.00', '+0.00', '+1.00', '+1.00', 0]
['+0.07', '-0.00', '-0.00', '+0.00', '+0.00', '+0.00', '+1.00', '+1.00', 0]
['+0.07', '-0.00', '+0.00', '+0.00', '+0.00', '-0.00', '+1.00', '+1.00', 0]
['+0.07', '-0.00', '+0.00', '+0.00', '+0.00', '-0.00', '+1.00', '+1.00', 0]
['+0.07', '-0.00', '+0.00', '+0.00', '+0.00', '-0.00', '+1.00', '+1.00', 0]
['+0.07', '-0.00', '-0.00', '-0.00', '+0.00', '+0.00', '+1.00', '+1.00', 0]
['+0.07', '-0.00', '-0.00', '-0.00', '+0.00', '+0.00', '+1.00', '+1.00', 0]
['+0.07', '-0.00', '-0.00', '-0.00', '+0.00', '+0.00', '+1.00', '+1.00', 0]
['+0.07', '-0.00', '-0.00', '-0.00', '+0.00', '+0.00', '+1.00', '+1.00', 0]
['+0.07', '-0.00', '-0.00', '+0.00', '+0.00', '+0.00', '+1.00', '+1.00', 0]
['+0.07', '-0.00', '-0.00', '-0.00', '+0.00', '+0.00', '+1.00', '+1.00', 0]
['+0.07', '-0.00', '+0.00', '+0.00', '+0.00', '+0.00', '+1.00', '+1.00', 0]
['+0.01', '+0.93', '+0.60', '-0.32', '-0.01', '-0.11', '+0.00', '+0.00', 1]
['+0.02', '+0.93', '+0.59', '-0.35', '-0.02', '-0.07', '+0.00', '+0.00', 1]
['+0.02', '+0.92', '+0.58', '-0.37', '-0.02', '-0.02', '+0.00', '+0.00', 1]
['+0.03', '+0.91', '+0.57', '-0.40', '-0.02', '+0.01', '+0.00', '+0.00', 1]
['+0.03', '+0.91', '+0.56', '-0.43', '-0.01', '+0.06', '+0.00', '+0.00', 1]
['+0.04', '+0.90', '+0.55', '-0.45', '-0.01', '+0.10', '+0.00', '+0.00', 1]
['+0.05', '+0.89', '+0.54', '-0.48', '-0.00', '+0.14', '+0.00', '+0.00', 1]
['+0.05', '+0.89', '+0.53', '-0.51', '+0.01', '+0.18', '+0.00', '+0.00', 1]
['+0.06', '+0.88', '+0.53', '-0.53', '+0.02', '+0.18', '+0.00', '+0.00', 0]
['+0.06', '+0.87', '+0.53', '-0.56', '+0.03', '+0.18', '+0.00', '+0.00', 0]
['+0.07', '+0.86', '+0.53', '-0.59', '+0.04', '+0.18', '+0.00', '+0.00', 0]
['+0.07', '+0.85', '+0.53', '-0.61', '+0.04', '+0.18', '+0.00', '+0.00', 0]
['+0.08', '+0.84', '+0.53', '-0.64', '+0.05', '+0.18', '+0.00', '+0.00', 0]
['+0.08', '+0.83', '+0.53', '-0.67', '+0.06', '+0.18', '+0.00', '+0.00', 0]
['+0.09', '+0.82', '+0.53', '-0.69', '+0.07', '+0.18', '+0.00', '+0.00', 0]
['+0.09', '+0.81', '+0.53', '-0.72', '+0.08', '+0.18', '+0.00', '+0.00', 0]
['+0.10', '+0.80', '+0.53', '-0.75', '+0.09', '+0.18', '+0.00', '+0.00', 0]
['+0.10', '+0.79', '+0.53', '-0.77', '+0.10', '+0.18', '+0.00', '+0.00', 0]
['+0.11', '+0.78', '+0.53', '-0.80', '+0.11', '+0.18', '+0.00', '+0.00', 0]
['+0.12', '+0.76', '+0.53', '-0.83', '+0.12', '+0.18', '+0.00', '+0.00', 0]
['+0.12', '+0.75', '+0.53', '-0.81', '+0.13', '+0.20', '+0.00', '+0.00', 2]
['+0.13', '+0.74', '+0.54', '-0.81', '+0.14', '+0.21', '+0.00', '+0.00', 2]
['+0.13', '+0.73', '+0.55', '-0.83', '+0.15', '+0.16', '+0.00', '+0.00', 3]
['+0.14', '+0.72', '+0.55', '-0.81', '+0.16', '+0.17', '+0.00', '+0.00', 2]
['+0.14', '+0.70', '+0.53', '-0.78', '+0.16', '+0.17', '+0.00', '+0.00', 2]
['+0.15', '+0.69', '+0.51', '-0.76', '+0.17', '+0.16', '+0.00', '+0.00', 2]
['+0.15', '+0.68', '+0.49', '-0.73', '+0.18', '+0.15', '+0.00', '+0.00', 2]
['+0.16', '+0.67', '+0.49', '-0.70', '+0.19', '+0.17', '+0.00', '+0.00', 2]
['+0.16', '+0.66', '+0.50', '-0.72', '+0.19', '+0.13', '+0.00', '+0.00', 3]
['+0.17', '+0.65', '+0.46', '-0.68', '+0.20', '+0.11', '+0.00', '+0.00', 2]
['+0.17', '+0.64', '+0.46', '-0.67', '+0.21', '+0.12', '+0.00', '+0.00', 2]
['+0.18', '+0.63', '+0.45', '-0.65', '+0.21', '+0.13', '+0.00', '+0.00', 2]
['+0.18', '+0.62', '+0.46', '-0.64', '+0.22', '+0.14', '+0.00', '+0.00', 2]
['+0.19', '+0.61', '+0.45', '-0.61', '+0.23', '+0.16', '+0.00', '+0.00', 2]
['+0.19', '+0.60', '+0.46', '-0.63', '+0.23', '+0.13', '+0.00', '+0.00', 3]
['+0.20', '+0.59', '+0.46', '-0.61', '+0.24', '+0.14', '+0.00', '+0.00', 2]
['+0.20', '+0.58', '+0.45', '-0.58', '+0.25', '+0.15', '+0.00', '+0.00', 2]
['+0.20', '+0.57', '+0.46', '-0.61', '+0.25', '+0.10', '+0.00', '+0.00', 3]
['+0.21', '+0.57', '+0.45', '-0.60', '+0.26', '+0.11', '+0.00', '+0.00', 2]
['+0.21', '+0.56', '+0.43', '-0.59', '+0.26', '+0.10', '+0.00', '+0.00', 2]
['+0.22', '+0.55', '+0.42', '-0.59', '+0.27', '+0.10', '+0.00', '+0.00', 2]
['+0.22', '+0.54', '+0.42', '-0.57', '+0.27', '+0.12', '+0.00', '+0.00', 2]
['+0.23', '+0.53', '+0.41', '-0.57', '+0.28', '+0.12', '+0.00', '+0.00', 2]
['+0.23', '+0.52', '+0.37', '-0.54', '+0.29', '+0.11', '+0.00', '+0.00', 2]
['+0.23', '+0.51', '+0.37', '-0.53', '+0.29', '+0.12', '+0.00', '+0.00', 2]
['+0.24', '+0.51', '+0.35', '-0.52', '+0.30', '+0.12', '+0.00', '+0.00', 2]
['+0.24', '+0.50', '+0.36', '-0.54', '+0.30', '+0.08', '+0.00', '+0.00', 3]
['+0.24', '+0.49', '+0.33', '-0.55', '+0.31', '+0.07', '+0.00', '+0.00', 2]
['+0.25', '+0.48', '+0.32', '-0.53', '+0.31', '+0.06', '+0.00', '+0.00', 2]
['+0.25', '+0.48', '+0.29', '-0.52', '+0.31', '+0.06', '+0.00', '+0.00', 2]
['+0.25', '+0.47', '+0.25', '-0.50', '+0.31', '+0.05', '+0.00', '+0.00', 2]
['+0.26', '+0.46', '+0.25', '-0.49', '+0.32', '+0.06', '+0.00', '+0.00', 2]
['+0.26', '+0.45', '+0.22', '-0.46', '+0.32', '+0.06', '+0.00', '+0.00', 2]
['+0.26', '+0.45', '+0.21', '-0.44', '+0.32', '+0.07', '+0.00', '+0.00', 2]
['+0.26', '+0.44', '+0.16', '-0.41', '+0.33', '+0.05', '+0.00', '+0.00', 2]
['+0.26', '+0.43', '+0.17', '-0.43', '+0.33', '+0.01', '+0.00', '+0.00', 3]
['+0.26', '+0.43', '+0.13', '-0.42', '+0.33', '-0.01', '+0.00', '+0.00', 2]
['+0.27', '+0.42', '+0.11', '-0.42', '+0.32', '-0.01', '+0.00', '+0.00', 2]
['+0.27', '+0.42', '+0.10', '-0.40', '+0.32', '-0.01', '+0.00', '+0.00', 2]
['+0.27', '+0.41', '+0.07', '-0.41', '+0.32', '-0.02', '+0.00', '+0.00', 2]
['+0.27', '+0.40', '+0.04', '-0.39', '+0.32', '-0.03', '+0.00', '+0.00', 2]
['+0.27', '+0.40', '+0.01', '-0.38', '+0.32', '-0.04', '+0.00', '+0.00', 2]
['+0.27', '+0.39', '+0.00', '-0.37', '+0.32', '-0.03', '+0.00', '+0.00', 2]
['+0.27', '+0.39', '-0.02', '-0.38', '+0.32', '-0.04', '+0.00', '+0.00', 2]
['+0.27', '+0.38', '-0.04', '-0.36', '+0.31', '-0.04', '+0.00', '+0.00', 2]
['+0.27', '+0.38', '-0.03', '-0.38', '+0.31', '-0.07', '+0.00', '+0.00', 3]
['+0.27', '+0.37', '-0.06', '-0.36', '+0.31', '-0.08', '+0.00', '+0.00', 2]
['+0.27', '+0.36', '-0.09', '-0.33', '+0.30', '-0.09', '+0.00', '+0.00', 2]
['+0.26', '+0.36', '-0.10', '-0.33', '+0.30', '-0.07', '+0.00', '+0.00', 2]
['+0.26', '+0.35', '-0.09', '-0.35', '+0.29', '-0.12', '+0.00', '+0.00', 3]
['+0.26', '+0.35', '-0.13', '-0.32', '+0.29', '-0.13', '+0.00', '+0.00', 2]
['+0.26', '+0.34', '-0.15', '-0.32', '+0.28', '-0.15', '+0.00', '+0.00', 2]
['+0.26', '+0.34', '-0.16', '-0.30', '+0.27', '-0.14', '+0.00', '+0.00', 2]
['+0.26', '+0.34', '-0.17', '-0.28', '+0.27', '-0.13', '+0.00', '+0.00', 2]
['+0.26', '+0.33', '-0.17', '-0.31', '+0.26', '-0.13', '+0.00', '+0.00', 0]
['+0.25', '+0.33', '-0.18', '-0.30', '+0.25', '-0.12', '+0.00', '+0.00', 2]
['+0.25', '+0.32', '-0.18', '-0.30', '+0.25', '-0.11', '+0.00', '+0.00', 2]
['+0.25', '+0.32', '-0.17', '-0.29', '+0.24', '-0.10', '+0.00', '+0.00', 2]
['+0.25', '+0.31', '-0.20', '-0.29', '+0.24', '-0.11', '+0.00', '+0.00', 2]
['+0.25', '+0.31', '-0.20', '-0.27', '+0.23', '-0.10', '+0.00', '+0.00', 2]
['+0.24', '+0.31', '-0.19', '-0.29', '+0.23', '-0.14', '+0.00', '+0.00', 3]
['+0.24', '+0.30', '-0.20', '-0.28', '+0.22', '-0.13', '+0.00', '+0.00', 2]
['+0.24', '+0.30', '-0.24', '-0.26', '+0.21', '-0.15', '+0.00', '+0.00', 2]
['+0.24', '+0.29', '-0.24', '-0.29', '+0.20', '-0.15', '+0.00', '+0.00', 0]
['+0.23', '+0.29', '-0.24', '-0.25', '+0.20', '-0.14', '+0.00', '+0.00', 2]
['+0.23', '+0.28', '-0.24', '-0.28', '+0.19', '-0.14', '+0.00', '+0.00', 0]
['+0.23', '+0.28', '-0.25', '-0.27', '+0.18', '-0.13', '+0.00', '+0.00', 2]
['+0.23', '+0.28', '-0.28', '-0.24', '+0.18', '-0.15', '+0.00', '+0.00', 2]
['+0.22', '+0.27', '-0.28', '-0.26', '+0.17', '-0.15', '+0.00', '+0.00', 0]
['+0.22', '+0.27', '-0.27', '-0.24', '+0.16', '-0.13', '+0.00', '+0.00', 2]
['+0.22', '+0.27', '-0.27', '-0.27', '+0.16', '-0.13', '+0.00', '+0.00', 0]
['+0.21', '+0.26', '-0.28', '-0.22', '+0.15', '-0.12', '+0.00', '+0.00', 2]
['+0.21', '+0.26', '-0.28', '-0.25', '+0.14', '-0.12', '+0.00', '+0.00', 0]
['+0.21', '+0.26', '-0.31', '-0.21', '+0.14', '-0.13', '+0.00', '+0.00', 2]
['+0.21', '+0.25', '-0.31', '-0.24', '+0.13', '-0.13', '+0.00', '+0.00', 0]
['+0.20', '+0.25', '-0.32', '-0.20', '+0.12', '-0.14', '+0.00', '+0.00', 2]
['+0.20', '+0.25', '-0.32', '-0.22', '+0.12', '-0.14', '+0.00', '+0.00', 0]
['+0.20', '+0.24', '-0.32', '-0.25', '+0.11', '-0.14', '+0.00', '+0.00', 0]
['+0.19', '+0.24', '-0.34', '-0.25', '+0.10', '-0.15', '+0.00', '+0.00', 2]
['+0.19', '+0.23', '-0.35', '-0.21', '+0.09', '-0.15', '+0.00', '+0.00', 2]
['+0.19', '+0.23', '-0.35', '-0.24', '+0.09', '-0.15', '+0.00', '+0.00', 0]
['+0.18', '+0.23', '-0.36', '-0.22', '+0.08', '-0.15', '+0.00', '+0.00', 2]
['+0.18', '+0.22', '-0.36', '-0.24', '+0.07', '-0.15', '+0.00', '+0.00', 0]
['+0.17', '+0.22', '-0.35', '-0.20', '+0.07', '-0.13', '+0.00', '+0.00', 2]
['+0.17', '+0.22', '-0.35', '-0.23', '+0.06', '-0.13', '+0.00', '+0.00', 0]
['+0.17', '+0.21', '-0.37', '-0.21', '+0.05', '-0.15', '+0.00', '+0.00', 2]
['+0.16', '+0.21', '-0.37', '-0.24', '+0.04', '-0.15', '+0.00', '+0.00', 0]
['+0.16', '+0.21', '-0.38', '-0.24', '+0.04', '-0.16', '+0.00', '+0.00', 2]
['+0.16', '+0.20', '-0.37', '-0.24', '+0.03', '-0.15', '+0.00', '+0.00', 2]
['+0.15', '+0.20', '-0.36', '-0.20', '+0.02', '-0.13', '+0.00', '+0.00', 2]
['+0.15', '+0.20', '-0.36', '-0.23', '+0.02', '-0.13', '+0.00', '+0.00', 0]
['+0.14', '+0.19', '-0.35', '-0.20', '+0.01', '-0.12', '+0.00', '+0.00', 2]
['+0.14', '+0.19', '-0.35', '-0.22', '+0.00', '-0.12', '+0.00', '+0.00', 0]
['+0.14', '+0.19', '-0.37', '-0.19', '-0.00', '-0.14', '+0.00', '+0.00', 2]
['+0.13', '+0.18', '-0.37', '-0.21', '-0.01', '-0.14', '+0.00', '+0.00', 0]
['+0.13', '+0.18', '-0.36', '-0.18', '-0.02', '-0.13', '+0.00', '+0.00', 2]
['+0.13', '+0.18', '-0.36', '-0.21', '-0.02', '-0.13', '+0.00', '+0.00', 0]
['+0.12', '+0.18', '-0.36', '-0.20', '-0.03', '-0.13', '+0.00', '+0.00', 2]
['+0.12', '+0.17', '-0.36', '-0.22', '-0.04', '-0.13', '+0.00', '+0.00', 0]
['+0.12', '+0.17', '-0.34', '-0.18', '-0.04', '-0.12', '+0.00', '+0.00', 2]
['+0.11', '+0.17', '-0.34', '-0.21', '-0.05', '-0.12', '+0.00', '+0.00', 0]
['+0.11', '+0.16', '-0.35', '-0.17', '-0.06', '-0.14', '+0.00', '+0.00', 2]
['+0.11', '+0.16', '-0.35', '-0.20', '-0.06', '-0.14', '+0.00', '+0.00', 0]
['+0.10', '+0.16', '-0.35', '-0.22', '-0.07', '-0.14', '+0.00', '+0.00', 0]
['+0.10', '+0.15', '-0.36', '-0.18', '-0.08', '-0.15', '+0.00', '+0.00', 2]
['+0.09', '+0.15', '-0.36', '-0.21', '-0.08', '-0.15', '+0.00', '+0.00', 0]
['+0.09', '+0.15', '-0.37', '-0.17', '-0.09', '-0.16', '+0.00', '+0.00', 2]
['+0.09', '+0.15', '-0.37', '-0.20', '-0.10', '-0.16', '+0.00', '+0.00', 0]
['+0.08', '+0.14', '-0.38', '-0.23', '-0.11', '-0.13', '+0.00', '+0.00', 1]
['+0.08', '+0.14', '-0.38', '-0.22', '-0.11', '-0.14', '+0.00', '+0.00', 2]
['+0.07', '+0.14', '-0.39', '-0.18', '-0.12', '-0.16', '+0.00', '+0.00', 2]
['+0.07', '+0.13', '-0.39', '-0.20', '-0.13', '-0.16', '+0.00', '+0.00', 0]
['+0.07', '+0.13', '-0.39', '-0.20', '-0.14', '-0.17', '+0.00', '+0.00', 2]
['+0.06', '+0.13', '-0.40', '-0.23', '-0.14', '-0.13', '+0.00', '+0.00', 1]
['+0.06', '+0.12', '-0.39', '-0.20', '-0.15', '-0.13', '+0.00', '+0.00', 2]
['+0.05', '+0.12', '-0.39', '-0.18', '-0.16', '-0.14', '+0.00', '+0.00', 2]
['+0.05', '+0.12', '-0.39', '-0.21', '-0.16', '-0.14', '+0.00', '+0.00', 0]
['+0.05', '+0.12', '-0.38', '-0.19', '-0.17', '-0.14', '+0.00', '+0.00', 2]
['+0.04', '+0.11', '-0.37', '-0.17', '-0.18', '-0.14', '+0.00', '+0.00', 2]
['+0.04', '+0.11', '-0.38', '-0.19', '-0.18', '-0.09', '+0.00', '+0.00', 1]
['+0.04', '+0.11', '-0.36', '-0.16', '-0.19', '-0.10', '+0.00', '+0.00', 2]
['+0.03', '+0.11', '-0.36', '-0.18', '-0.19', '-0.10', '+0.00', '+0.00', 0]
['+0.03', '+0.10', '-0.36', '-0.21', '-0.20', '-0.10', '+0.00', '+0.00', 0]
['+0.02', '+0.10', '-0.37', '-0.21', '-0.20', '-0.11', '+0.00', '+0.00', 2]
['+0.02', '+0.10', '-0.37', '-0.19', '-0.21', '-0.12', '+0.00', '+0.00', 2]
['+0.02', '+0.09', '-0.36', '-0.19', '-0.22', '-0.13', '+0.00', '+0.00', 2]
['+0.01', '+0.09', '-0.37', '-0.21', '-0.22', '-0.09', '+0.00', '+0.00', 1]
['+0.01', '+0.09', '-0.36', '-0.20', '-0.22', '-0.09', '+0.00', '+0.00', 2]
['+0.01', '+0.08', '-0.34', '-0.20', '-0.23', '-0.09', '+0.00', '+0.00', 2]
['+0.00', '+0.08', '-0.33', '-0.20', '-0.23', '-0.08', '+0.00', '+0.00', 2]
['-0.00', '+0.08', '-0.33', '-0.20', '-0.24', '-0.09', '+0.00', '+0.00', 2]
['-0.00', '+0.08', '-0.32', '-0.16', '-0.24', '-0.10', '+0.00', '+0.00', 2]
['-0.01', '+0.07', '-0.33', '-0.18', '-0.25', '-0.05', '+0.00', '+0.00', 1]
['-0.01', '+0.07', '-0.32', '-0.15', '-0.25', '-0.06', '+0.00', '+0.00', 2]
['-0.01', '+0.07', '-0.32', '-0.18', '-0.25', '-0.06', '+0.00', '+0.00', 0]
['-0.02', '+0.07', '-0.30', '-0.17', '-0.25', '-0.06', '+0.00', '+0.00', 2]
['-0.02', '+0.06', '-0.27', '-0.14', '-0.26', '-0.05', '+0.00', '+0.00', 2]
['-0.02', '+0.06', '-0.27', '-0.16', '-0.26', '-0.05', '+0.00', '+0.00', 0]
['-0.02', '+0.06', '-0.24', '-0.14', '-0.26', '-0.04', '+0.00', '+0.00', 2]
['-0.03', '+0.06', '-0.24', '-0.16', '-0.26', '-0.04', '+0.00', '+0.00', 0]
['-0.03', '+0.05', '-0.21', '-0.13', '-0.27', '-0.04', '+0.00', '+0.00', 2]
['-0.03', '+0.05', '-0.22', '-0.16', '-0.27', '-0.00', '+0.00', '+0.00', 1]
['-0.03', '+0.05', '-0.20', '-0.15', '-0.27', '-0.00', '+0.00', '+0.00', 2]
['-0.03', '+0.05', '-0.19', '-0.14', '-0.27', '-0.01', '+0.00', '+0.00', 2]
['-0.04', '+0.05', '-0.17', '-0.11', '-0.27', '-0.01', '+0.00', '+0.00', 2]
['-0.04', '+0.04', '-0.17', '-0.14', '-0.27', '-0.01', '+0.00', '+0.00', 0]
['-0.04', '+0.04', '-0.17', '-0.12', '-0.27', '-0.02', '+0.00', '+0.00', 2]
['-0.04', '+0.04', '-0.18', '-0.15', '-0.27', '+0.01', '+0.00', '+0.00', 1]
['-0.04', '+0.04', '-0.17', '-0.13', '-0.27', '+0.00', '+0.00', '+0.00', 2]
['-0.04', '+0.04', '-0.15', '-0.09', '-0.27', '-0.01', '+0.00', '+0.00', 2]
['-0.05', '+0.04', '-0.16', '-0.12', '-0.27', '+0.04', '+0.00', '+0.00', 1]
['-0.05', '+0.03', '-0.14', '-0.08', '-0.26', '+0.04', '+0.00', '+0.00', 2]
['-0.05', '+0.03', '-0.14', '-0.10', '-0.26', '+0.04', '+0.00', '+0.00', 0]
['-0.05', '+0.03', '-0.14', '-0.13', '-0.26', '+0.04', '+0.00', '+0.00', 0]
['-0.05', '+0.03', '-0.12', '-0.12', '-0.26', '+0.04', '+0.00', '+0.00', 2]
['-0.05', '+0.03', '-0.10', '-0.08', '-0.25', '+0.04', '+0.00', '+0.00', 2]
['-0.05', '+0.03', '-0.10', '-0.11', '-0.25', '+0.04', '+0.00', '+0.00', 0]
['-0.05', '+0.02', '-0.10', '-0.11', '-0.25', '+0.03', '+0.00', '+0.00', 2]
['-0.06', '+0.02', '-0.08', '-0.09', '-0.25', '+0.04', '+0.00', '+0.00', 2]
['-0.06', '+0.02', '-0.07', '-0.06', '-0.25', '+0.03', '+0.00', '+0.00', 2]
['-0.06', '+0.02', '-0.07', '-0.09', '-0.24', '+0.07', '+0.00', '+0.00', 1]
['-0.06', '+0.02', '-0.07', '-0.11', '-0.24', '+0.07', '+0.00', '+0.00', 0]
['-0.06', '+0.02', '-0.06', '-0.10', '-0.24', '+0.06', '+0.00', '+0.00', 2]
['-0.06', '+0.02', '-0.04', '-0.05', '-0.23', '+0.21', '+1.00', '+0.00', 2]
['-0.06', '+0.02', '-0.05', '-0.06', '-0.21', '+0.29', '+1.00', '+0.00', 0]
['-0.06', '+0.01', '-0.05', '-0.08', '-0.20', '+0.36', '+1.00', '+0.00', 0]
['-0.06', '+0.01', '-0.05', '-0.10', '-0.17', '+0.44', '+1.00', '+0.00', 0]
['-0.06', '+0.01', '-0.03', '-0.10', '-0.15', '+0.45', '+1.00', '+0.00', 2]
['-0.06', '+0.01', '-0.01', '-0.08', '-0.13', '+0.46', '+1.00', '+0.00', 2]
['-0.06', '+0.01', '-0.01', '-0.11', '-0.11', '+0.46', '+1.00', '+0.00', 0]
['-0.06', '+0.01', '-0.01', '-0.11', '-0.08', '+0.45', '+1.00', '+0.00', 2]
['-0.06', '+0.01', '+0.00', '-0.07', '-0.06', '+0.46', '+0.00', '+0.00', 2]
['-0.06', '+0.00', '+0.01', '-0.10', '-0.04', '+0.42', '+0.00', '+0.00', 3]
['-0.06', '+0.00', '+0.03', '-0.13', '-0.02', '+0.38', '+0.00', '+0.00', 3]
['-0.06', '-0.00', '+0.03', '-0.15', '-0.00', '+0.34', '+0.00', '+0.00', 3]
['-0.06', '-0.00', '+0.04', '-0.16', '+0.03', '+0.56', '+1.00', '+1.00', 3]
['-0.06', '-0.00', '+0.04', '-0.10', '+0.04', '+0.32', '+1.00', '+1.00', 2]
['-0.06', '-0.01', '+0.04', '-0.08', '+0.05', '+0.25', '+1.00', '+1.00', 0]
['-0.06', '-0.01', '+0.04', '-0.05', '+0.06', '+0.18', '+1.00', '+1.00', 0]
['-0.05', '-0.01', '+0.03', '-0.03', '+0.07', '+0.11', '+1.00', '+1.00', 0]
['-0.05', '-0.01', '+0.02', '-0.01', '+0.07', '+0.04', '+1.00', '+1.00', 0]
['-0.05', '-0.01', '+0.01', '+0.01', '+0.07', '-0.02', '+1.00', '+1.00', 0]
['-0.05', '-0.01', '+0.01', '+0.02', '+0.07', '-0.07', '+1.00', '+1.00', 0]
['-0.05', '-0.01', '+0.01', '+0.03', '+0.06', '-0.10', '+1.00', '+1.00', 0]
['-0.05', '-0.01', '+0.01', '+0.04', '+0.06', '-0.12', '+1.00', '+1.00', 0]
['-0.05', '-0.00', '+0.01', '+0.04', '+0.05', '-0.12', '+1.00', '+1.00', 0]
['-0.05', '-0.00', '+0.01', '+0.03', '+0.04', '-0.10', '+1.00', '+1.00', 0]
['-0.05', '-0.00', '+0.01', '+0.02', '+0.04', '-0.08', '+1.00', '+1.00', 0]
['-0.05', '-0.00', '+0.01', '+0.02', '+0.04', '-0.06', '+1.00', '+1.00', 0]
['-0.05', '-0.00', '+0.01', '+0.01', '+0.04', '-0.04', '+1.00', '+1.00', 0]
['-0.05', '-0.00', '+0.01', '+0.01', '+0.03', '-0.04', '+1.00', '+1.00', 0]
['-0.05', '-0.00', '+0.01', '+0.01', '+0.03', '-0.04', '+1.00', '+1.00', 0]
['-0.05', '-0.00', '+0.01', '+0.01', '+0.03', '-0.04', '+1.00', '+1.00', 0]
['-0.05', '-0.00', '+0.01', '+0.01', '+0.03', '-0.05', '+1.00', '+1.00', 0]
['-0.05', '-0.00', '+0.01', '+0.02', '+0.02', '-0.06', '+1.00', '+1.00', 0]
['-0.05', '-0.00', '+0.01', '+0.02', '+0.02', '-0.06', '+1.00', '+1.00', 0]
['-0.05', '-0.00', '+0.01', '+0.02', '+0.02', '-0.07', '+1.00', '+1.00', 0]
['-0.05', '-0.00', '+0.01', '+0.02', '+0.01', '-0.07', '+1.00', '+1.00', 0]
['-0.05', '-0.00', '+0.01', '+0.02', '+0.01', '-0.07', '+1.00', '+1.00', 0]
['-0.05', '-0.00', '+0.01', '+0.02', '+0.01', '-0.07', '+1.00', '+1.00', 0]
['-0.05', '-0.00', '+0.01', '+0.02', '+0.00', '-0.06', '+1.00', '+1.00', 0]
['-0.05', '-0.00', '+0.01', '+0.02', '+0.00', '-0.06', '+1.00', '+1.00', 0]
['-0.05', '-0.00', '+0.01', '+0.00', '+0.00', '+0.00', '+1.00', '+1.00', 0]
['-0.05', '-0.00', '+0.00', '-0.00', '+0.00', '-0.00', '+1.00', '+1.00', 0]
['-0.05', '-0.00', '-0.00', '-0.00', '+0.00', '+0.00', '+1.00', '+1.00', 0]
['-0.05', '-0.00', '-0.00', '-0.00', '+0.00', '+0.00', '+1.00', '+1.00', 0]
['-0.05', '-0.00', '-0.00', '-0.00', '+0.00', '+0.00', '+1.00', '+1.00', 0]
['-0.05', '-0.00', '+0.00', '+0.00', '+0.00', '-0.00', '+1.00', '+1.00', 0]
['-0.05', '-0.00', '+0.00', '+0.00', '+0.00', '-0.00', '+1.00', '+1.00', 0]
['-0.05', '-0.00', '+0.00', '+0.00', '+0.00', '-0.00', '+1.00', '+1.00', 0]
['-0.05', '-0.00', '+0.00', '+0.00', '+0.00', '-0.00', '+1.00', '+1.00', 0]
['-0.05', '-0.00', '-0.00', '-0.00', '+0.00', '+0.00', '+1.00', '+1.00', 0]
['-0.05', '-0.00', '-0.00', '-0.00', '+0.00', '+0.00', '+1.00', '+1.00', 0]
['-0.05', '-0.00', '-0.00', '-0.00', '+0.00', '+0.00', '+1.00', '+1.00', 0]
['-0.05', '-0.00', '+0.00', '+0.00', '+0.00', '-0.00', '+1.00', '+1.00', 0]
['-0.05', '-0.00', '+0.00', '+0.00', '+0.00', '-0.00', '+1.00', '+1.00', 0]
['-0.05', '-0.00', '+0.00', '+0.00', '+0.00', '-0.00', '+1.00', '+1.00', 0]
['-0.05', '-0.00', '-0.00', '-0.00', '+0.00', '+0.00', '+1.00', '+1.00', 0]
['-0.05', '-0.00', '-0.00', '-0.00', '+0.00', '+0.00', '+1.00', '+1.00', 0]
['-0.05', '-0.00', '-0.00', '-0.00', '+0.00', '+0.00', '+1.00', '+1.00', 0]
['-0.05', '-0.00', '+0.00', '-0.00', '+0.00', '-0.00', '+1.00', '+1.00', 0]
['-0.05', '-0.00', '+0.00', '+0.00', '+0.00', '-0.00', '+1.00', '+1.00', 0]
['-0.05', '-0.00', '+0.00', '+0.00', '+0.00', '-0.00', '+1.00', '+1.00', 0]
['-0.05', '-0.00', '+0.00', '+0.00', '+0.00', '-0.00', '+1.00', '+1.00', 0]
['-0.05', '-0.00', '-0.00', '-0.00', '+0.00', '+0.00', '+1.00', '+1.00', 0]
['-0.05', '-0.00', '-0.00', '-0.00', '+0.00', '+0.00', '+1.00', '+1.00', 0]
['-0.05', '-0.00', '-0.00', '-0.00', '+0.00', '+0.00', '+1.00', '+1.00', 0]
['-0.05', '-0.00', '-0.00', '-0.00', '+0.00', '+0.00', '+1.00', '+1.00', 0]
['-0.05', '-0.00', '+0.00', '+0.00', '+0.00', '+0.00', '+1.00', '+1.00', 0]
['-0.01', '+0.95', '-0.44', '+0.19', '+0.01', '+0.05', '+0.00', '+0.00', 3]
['-0.01', '+0.95', '-0.43', '+0.17', '+0.01', '+0.01', '+0.00', '+0.00', 3]
['-0.02', '+0.95', '-0.42', '+0.14', '+0.01', '-0.02', '+0.00', '+0.00', 3]
['-0.02', '+0.95', '-0.41', '+0.11', '+0.00', '-0.06', '+0.00', '+0.00', 3]
['-0.03', '+0.95', '-0.40', '+0.09', '-0.00', '-0.09', '+0.00', '+0.00', 3]
['-0.03', '+0.96', '-0.39', '+0.06', '-0.01', '-0.14', '+0.00', '+0.00', 3]
['-0.03', '+0.96', '-0.39', '+0.03', '-0.02', '-0.17', '+0.00', '+0.00', 3]
['-0.04', '+0.96', '-0.39', '+0.01', '-0.02', '-0.17', '+0.00', '+0.00', 0]
['-0.04', '+0.96', '-0.39', '-0.02', '-0.03', '-0.17', '+0.00', '+0.00', 0]
['-0.05', '+0.96', '-0.39', '-0.05', '-0.04', '-0.17', '+0.00', '+0.00', 0]
['-0.05', '+0.95', '-0.39', '-0.07', '-0.05', '-0.17', '+0.00', '+0.00', 0]
['-0.05', '+0.95', '-0.39', '-0.10', '-0.06', '-0.17', '+0.00', '+0.00', 0]
['-0.06', '+0.95', '-0.39', '-0.13', '-0.07', '-0.17', '+0.00', '+0.00', 0]
['-0.06', '+0.95', '-0.39', '-0.15', '-0.08', '-0.17', '+0.00', '+0.00', 0]
['-0.07', '+0.95', '-0.39', '-0.18', '-0.08', '-0.17', '+0.00', '+0.00', 0]
['-0.07', '+0.94', '-0.39', '-0.21', '-0.09', '-0.17', '+0.00', '+0.00', 0]
['-0.07', '+0.94', '-0.39', '-0.23', '-0.10', '-0.17', '+0.00', '+0.00', 0]
['-0.08', '+0.94', '-0.39', '-0.26', '-0.11', '-0.17', '+0.00', '+0.00', 0]
['-0.08', '+0.93', '-0.39', '-0.29', '-0.12', '-0.17', '+0.00', '+0.00', 0]
['-0.08', '+0.93', '-0.39', '-0.31', '-0.13', '-0.17', '+0.00', '+0.00', 0]
['-0.09', '+0.92', '-0.39', '-0.34', '-0.14', '-0.17', '+0.00', '+0.00', 0]
['-0.09', '+0.92', '-0.39', '-0.37', '-0.14', '-0.17', '+0.00', '+0.00', 0]
['-0.10', '+0.91', '-0.39', '-0.39', '-0.15', '-0.17', '+0.00', '+0.00', 0]
['-0.10', '+0.90', '-0.39', '-0.42', '-0.16', '-0.17', '+0.00', '+0.00', 0]
['-0.10', '+0.90', '-0.39', '-0.45', '-0.17', '-0.13', '+0.00', '+0.00', 1]
['-0.11', '+0.89', '-0.39', '-0.47', '-0.17', '-0.13', '+0.00', '+0.00', 0]
['-0.11', '+0.88', '-0.39', '-0.50', '-0.18', '-0.13', '+0.00', '+0.00', 0]
['-0.12', '+0.87', '-0.39', '-0.53', '-0.19', '-0.13', '+0.00', '+0.00', 0]
['-0.12', '+0.87', '-0.39', '-0.55', '-0.19', '-0.13', '+0.00', '+0.00', 0]
['-0.12', '+0.86', '-0.39', '-0.58', '-0.20', '-0.13', '+0.00', '+0.00', 0]
['-0.13', '+0.85', '-0.39', '-0.61', '-0.21', '-0.13', '+0.00', '+0.00', 0]
['-0.13', '+0.84', '-0.39', '-0.63', '-0.21', '-0.13', '+0.00', '+0.00', 0]
['-0.14', '+0.83', '-0.39', '-0.66', '-0.22', '-0.13', '+0.00', '+0.00', 0]
['-0.14', '+0.82', '-0.39', '-0.69', '-0.23', '-0.13', '+0.00', '+0.00', 0]
['-0.14', '+0.81', '-0.39', '-0.71', '-0.23', '-0.13', '+0.00', '+0.00', 0]
['-0.15', '+0.80', '-0.41', '-0.74', '-0.24', '-0.08', '+0.00', '+0.00', 1]
['-0.15', '+0.79', '-0.41', '-0.76', '-0.24', '-0.08', '+0.00', '+0.00', 0]
['-0.16', '+0.77', '-0.41', '-0.79', '-0.25', '-0.08', '+0.00', '+0.00', 0]
['-0.16', '+0.76', '-0.39', '-0.78', '-0.25', '-0.08', '+0.00', '+0.00', 2]
['-0.16', '+0.75', '-0.36', '-0.77', '-0.26', '-0.07', '+0.00', '+0.00', 2]
['-0.17', '+0.74', '-0.36', '-0.74', '-0.26', '-0.08', '+0.00', '+0.00', 2]
['-0.17', '+0.73', '-0.36', '-0.77', '-0.26', '-0.08', '+0.00', '+0.00', 0]
['-0.18', '+0.72', '-0.34', '-0.77', '-0.27', '-0.08', '+0.00', '+0.00', 2]
['-0.18', '+0.71', '-0.31', '-0.74', '-0.27', '-0.07', '+0.00', '+0.00', 2]
['-0.18', '+0.69', '-0.30', '-0.70', '-0.28', '-0.09', '+0.00', '+0.00', 2]
['-0.18', '+0.68', '-0.29', '-0.68', '-0.28', '-0.10', '+0.00', '+0.00', 2]
['-0.19', '+0.67', '-0.29', '-0.70', '-0.29', '-0.10', '+0.00', '+0.00', 0]
['-0.19', '+0.66', '-0.27', '-0.69', '-0.29', '-0.10', '+0.00', '+0.00', 2]
['-0.19', '+0.65', '-0.25', '-0.68', '-0.30', '-0.10', '+0.00', '+0.00', 2]
['-0.20', '+0.64', '-0.27', '-0.71', '-0.30', '-0.05', '+0.00', '+0.00', 1]
['-0.20', '+0.63', '-0.22', '-0.68', '-0.30', '-0.03', '+0.00', '+0.00', 2]
['-0.20', '+0.62', '-0.19', '-0.65', '-0.30', '-0.03', '+0.00', '+0.00', 2]
['-0.20', '+0.61', '-0.18', '-0.64', '-0.30', '-0.03', '+0.00', '+0.00', 2]
['-0.20', '+0.60', '-0.17', '-0.64', '-0.30', '-0.04', '+0.00', '+0.00', 2]
['-0.20', '+0.59', '-0.15', '-0.62', '-0.31', '-0.04', '+0.00', '+0.00', 2]
['-0.21', '+0.59', '-0.13', '-0.59', '-0.31', '-0.04', '+0.00', '+0.00', 2]
['-0.21', '+0.58', '-0.14', '-0.62', '-0.31', '+0.00', '+0.00', '+0.00', 1]
['-0.21', '+0.57', '-0.12', '-0.60', '-0.31', '+0.00', '+0.00', '+0.00', 2]
['-0.21', '+0.56', '-0.10', '-0.60', '-0.31', '+0.01', '+0.00', '+0.00', 2]
['-0.21', '+0.55', '-0.08', '-0.60', '-0.31', '+0.02', '+0.00', '+0.00', 2]
['-0.21', '+0.54', '-0.05', '-0.58', '-0.30', '+0.03', '+0.00', '+0.00', 2]
['-0.21', '+0.53', '-0.03', '-0.56', '-0.30', '+0.02', '+0.00', '+0.00', 2]
['-0.21', '+0.52', '-0.01', '-0.55', '-0.30', '+0.03', '+0.00', '+0.00', 2]
['-0.21', '+0.52', '+0.00', '-0.52', '-0.30', '+0.01', '+0.00', '+0.00', 2]
['-0.21', '+0.51', '-0.00', '-0.55', '-0.30', '+0.04', '+0.00', '+0.00', 1]
['-0.21', '+0.50', '+0.03', '-0.51', '-0.30', '+0.05', '+0.00', '+0.00', 2]
['-0.21', '+0.49', '+0.02', '-0.53', '-0.29', '+0.08', '+0.00', '+0.00', 1]
['-0.21', '+0.48', '+0.04', '-0.51', '-0.29', '+0.08', '+0.00', '+0.00', 2]
['-0.21', '+0.48', '+0.08', '-0.48', '-0.29', '+0.09', '+0.00', '+0.00', 2]
['-0.21', '+0.47', '+0.09', '-0.45', '-0.28', '+0.08', '+0.00', '+0.00', 2]
['-0.21', '+0.46', '+0.08', '-0.47', '-0.27', '+0.13', '+0.00', '+0.00', 1]
['-0.21', '+0.46', '+0.09', '-0.45', '-0.27', '+0.11', '+0.00', '+0.00', 2]
['-0.21', '+0.45', '+0.12', '-0.44', '-0.26', '+0.12', '+0.00', '+0.00', 2]
['-0.20', '+0.44', '+0.12', '-0.43', '-0.26', '+0.11', '+0.00', '+0.00', 2]
['-0.20', '+0.44', '+0.14', '-0.41', '-0.25', '+0.12', '+0.00', '+0.00', 2]
['-0.20', '+0.43', '+0.14', '-0.44', '-0.25', '+0.12', '+0.00', '+0.00', 0]
['-0.20', '+0.42', '+0.17', '-0.44', '-0.24', '+0.14', '+0.00', '+0.00', 2]
['-0.20', '+0.42', '+0.18', '-0.43', '-0.23', '+0.13', '+0.00', '+0.00', 2]
['-0.20', '+0.41', '+0.20', '-0.40', '-0.23', '+0.13', '+0.00', '+0.00', 2]
['-0.19', '+0.41', '+0.20', '-0.43', '-0.22', '+0.13', '+0.00', '+0.00', 0]
['-0.19', '+0.40', '+0.23', '-0.39', '-0.21', '+0.15', '+0.00', '+0.00', 2]
['-0.19', '+0.39', '+0.23', '-0.42', '-0.20', '+0.15', '+0.00', '+0.00', 0]
['-0.19', '+0.39', '+0.25', '-0.40', '-0.20', '+0.15', '+0.00', '+0.00', 2]
['-0.18', '+0.38', '+0.26', '-0.39', '-0.19', '+0.15', '+0.00', '+0.00', 2]
['-0.18', '+0.38', '+0.26', '-0.37', '-0.18', '+0.13', '+0.00', '+0.00', 2]
['-0.18', '+0.37', '+0.26', '-0.40', '-0.18', '+0.13', '+0.00', '+0.00', 0]
['-0.18', '+0.36', '+0.27', '-0.38', '-0.17', '+0.13', '+0.00', '+0.00', 2]
['-0.17', '+0.36', '+0.29', '-0.35', '-0.16', '+0.14', '+0.00', '+0.00', 2]
['-0.17', '+0.35', '+0.29', '-0.38', '-0.16', '+0.14', '+0.00', '+0.00', 0]
['-0.17', '+0.35', '+0.29', '-0.38', '-0.15', '+0.13', '+0.00', '+0.00', 2]
['-0.16', '+0.34', '+0.28', '-0.37', '-0.14', '+0.12', '+0.00', '+0.00', 2]
['-0.16', '+0.34', '+0.30', '-0.36', '-0.14', '+0.12', '+0.00', '+0.00', 2]
['-0.16', '+0.33', '+0.32', '-0.36', '-0.13', '+0.14', '+0.00', '+0.00', 2]
['-0.15', '+0.33', '+0.33', '-0.35', '-0.12', '+0.15', '+0.00', '+0.00', 2]
['-0.15', '+0.32', '+0.35', '-0.34', '-0.11', '+0.15', '+0.00', '+0.00', 2]
['-0.15', '+0.32', '+0.36', '-0.33', '-0.11', '+0.16', '+0.00', '+0.00', 2]
['-0.14', '+0.31', '+0.36', '-0.35', '-0.10', '+0.16', '+0.00', '+0.00', 0]
['-0.14', '+0.31', '+0.38', '-0.32', '-0.09', '+0.17', '+0.00', '+0.00', 2]
['-0.13', '+0.30', '+0.38', '-0.34', '-0.08', '+0.17', '+0.00', '+0.00', 0]
['-0.13', '+0.30', '+0.40', '-0.34', '-0.07', '+0.19', '+0.00', '+0.00', 2]
['-0.13', '+0.29', '+0.39', '-0.33', '-0.06', '+0.17', '+0.00', '+0.00', 2]
['-0.12', '+0.29', '+0.40', '-0.28', '-0.05', '+0.18', '+0.00', '+0.00', 2]
['-0.12', '+0.28', '+0.40', '-0.31', '-0.05', '+0.18', '+0.00', '+0.00', 0]
['-0.11', '+0.28', '+0.40', '-0.34', '-0.04', '+0.18', '+0.00', '+0.00', 0]
['-0.11', '+0.27', '+0.40', '-0.30', '-0.03', '+0.18', '+0.00', '+0.00', 2]
['-0.11', '+0.27', '+0.40', '-0.33', '-0.02', '+0.18', '+0.00', '+0.00', 0]
['-0.10', '+0.26', '+0.41', '-0.33', '-0.01', '+0.18', '+0.00', '+0.00', 2]
['-0.10', '+0.26', '+0.43', '-0.30', '+0.00', '+0.20', '+0.00', '+0.00', 2]
['-0.09', '+0.25', '+0.43', '-0.33', '+0.01', '+0.20', '+0.00', '+0.00', 0]
['-0.09', '+0.25', '+0.43', '-0.29', '+0.02', '+0.20', '+0.00', '+0.00', 2]
['-0.08', '+0.24', '+0.43', '-0.32', '+0.03', '+0.20', '+0.00', '+0.00', 0]
['-0.08', '+0.24', '+0.42', '-0.31', '+0.04', '+0.20', '+0.00', '+0.00', 2]
['-0.08', '+0.23', '+0.43', '-0.29', '+0.05', '+0.21', '+0.00', '+0.00', 2]
['-0.07', '+0.23', '+0.43', '-0.31', '+0.06', '+0.21', '+0.00', '+0.00', 0]
['-0.07', '+0.23', '+0.42', '-0.31', '+0.07', '+0.19', '+0.00', '+0.00', 2]
['-0.06', '+0.22', '+0.43', '-0.31', '+0.08', '+0.21', '+0.00', '+0.00', 2]
['-0.06', '+0.22', '+0.43', '-0.28', '+0.09', '+0.22', '+0.00', '+0.00', 2]
['-0.05', '+0.21', '+0.44', '-0.31', '+0.10', '+0.18', '+0.00', '+0.00', 3]
['-0.05', '+0.21', '+0.41', '-0.27', '+0.11', '+0.17', '+0.00', '+0.00', 2]
['-0.05', '+0.20', '+0.41', '-0.30', '+0.12', '+0.17', '+0.00', '+0.00', 0]
['-0.04', '+0.20', '+0.42', '-0.28', '+0.13', '+0.18', '+0.00', '+0.00', 2]
['-0.04', '+0.20', '+0.42', '-0.29', '+0.14', '+0.19', '+0.00', '+0.00', 2]
['-0.03', '+0.19', '+0.43', '-0.27', '+0.14', '+0.20', '+0.00', '+0.00', 2]
['-0.03', '+0.19', '+0.44', '-0.29', '+0.15', '+0.16', '+0.00', '+0.00', 3]
['-0.02', '+0.18', '+0.43', '-0.28', '+0.16', '+0.16', '+0.00', '+0.00', 2]
['-0.02', '+0.18', '+0.42', '-0.27', '+0.17', '+0.17', '+0.00', '+0.00', 2]
['-0.01', '+0.17', '+0.43', '-0.30', '+0.18', '+0.12', '+0.00', '+0.00', 3]
['-0.01', '+0.17', '+0.42', '-0.27', '+0.18', '+0.12', '+0.00', '+0.00', 2]
['-0.01', '+0.17', '+0.40', '-0.24', '+0.19', '+0.12', '+0.00', '+0.00', 2]
['-0.00', '+0.16', '+0.40', '-0.27', '+0.19', '+0.12', '+0.00', '+0.00', 0]
['+0.00', '+0.16', '+0.39', '-0.25', '+0.20', '+0.12', '+0.00', '+0.00', 2]
['+0.01', '+0.15', '+0.39', '-0.28', '+0.21', '+0.12', '+0.00', '+0.00', 0]
['+0.01', '+0.15', '+0.36', '-0.24', '+0.21', '+0.11', '+0.00', '+0.00', 2]
['+0.01', '+0.15', '+0.36', '-0.27', '+0.22', '+0.11', '+0.00', '+0.00', 0]
['+0.02', '+0.14', '+0.35', '-0.26', '+0.22', '+0.11', '+0.00', '+0.00', 2]
['+0.02', '+0.14', '+0.33', '-0.23', '+0.23', '+0.12', '+0.00', '+0.00', 2]
['+0.02', '+0.14', '+0.34', '-0.25', '+0.23', '+0.08', '+0.00', '+0.00', 3]
['+0.03', '+0.13', '+0.33', '-0.21', '+0.24', '+0.10', '+0.00', '+0.00', 2]
['+0.03', '+0.13', '+0.33', '-0.23', '+0.24', '+0.10', '+0.00', '+0.00', 0]
['+0.03', '+0.13', '+0.33', '-0.23', '+0.25', '+0.10', '+0.00', '+0.00', 2]
['+0.04', '+0.12', '+0.31', '-0.21', '+0.25', '+0.10', '+0.00', '+0.00', 2]
['+0.04', '+0.12', '+0.32', '-0.24', '+0.25', '+0.07', '+0.00', '+0.00', 3]
['+0.04', '+0.12', '+0.29', '-0.20', '+0.26', '+0.06', '+0.00', '+0.00', 2]
['+0.05', '+0.11', '+0.27', '-0.18', '+0.26', '+0.06', '+0.00', '+0.00', 2]
['+0.05', '+0.11', '+0.27', '-0.20', '+0.26', '+0.06', '+0.00', '+0.00', 0]
['+0.05', '+0.11', '+0.24', '-0.20', '+0.27', '+0.04', '+0.00', '+0.00', 2]
['+0.05', '+0.10', '+0.20', '-0.18', '+0.27', '+0.03', '+0.00', '+0.00', 2]
['+0.05', '+0.10', '+0.17', '-0.15', '+0.27', '+0.01', '+0.00', '+0.00', 2]
['+0.06', '+0.10', '+0.18', '-0.18', '+0.27', '-0.02', '+0.00', '+0.00', 3]
['+0.06', '+0.10', '+0.16', '-0.17', '+0.27', '-0.02', '+0.00', '+0.00', 2]
['+0.06', '+0.09', '+0.15', '-0.16', '+0.26', '-0.02', '+0.00', '+0.00', 2]
['+0.06', '+0.09', '+0.15', '-0.19', '+0.26', '-0.02', '+0.00', '+0.00', 0]
['+0.06', '+0.09', '+0.12', '-0.16', '+0.26', '-0.02', '+0.00', '+0.00', 2]
['+0.06', '+0.09', '+0.11', '-0.16', '+0.26', '-0.03', '+0.00', '+0.00', 2]
['+0.06', '+0.09', '+0.09', '-0.13', '+0.26', '-0.02', '+0.00', '+0.00', 2]
['+0.06', '+0.08', '+0.10', '-0.15', '+0.26', '-0.05', '+0.00', '+0.00', 3]
['+0.07', '+0.08', '+0.09', '-0.15', '+0.26', '-0.05', '+0.00', '+0.00', 2]
['+0.07', '+0.08', '+0.06', '-0.12', '+0.25', '-0.05', '+0.00', '+0.00', 2]
['+0.07', '+0.08', '+0.06', '-0.15', '+0.25', '-0.05', '+0.00', '+0.00', 0]
['+0.07', '+0.07', '+0.05', '-0.14', '+0.25', '-0.05', '+0.00', '+0.00', 2]
['+0.07', '+0.07', '+0.03', '-0.13', '+0.24', '-0.06', '+0.00', '+0.00', 2]
['+0.07', '+0.07', '+0.03', '-0.16', '+0.24', '-0.06', '+0.00', '+0.00', 0]
['+0.07', '+0.07', '+0.02', '-0.14', '+0.24', '-0.05', '+0.00', '+0.00', 2]
['+0.07', '+0.07', '-0.01', '-0.13', '+0.24', '-0.07', '+0.00', '+0.00', 2]
['+0.07', '+0.06', '-0.01', '-0.16', '+0.23', '-0.07', '+0.00', '+0.00', 0]
['+0.07', '+0.06', '-0.04', '-0.13', '+0.23', '-0.08', '+0.00', '+0.00', 2]
['+0.07', '+0.06', '-0.05', '-0.12', '+0.22', '-0.08', '+0.00', '+0.00', 2]
['+0.07', '+0.06', '-0.05', '-0.15', '+0.22', '-0.08', '+0.00', '+0.00', 0]
['+0.07', '+0.06', '-0.05', '-0.15', '+0.22', '-0.07', '+0.00', '+0.00', 2]
['+0.06', '+0.05', '-0.07', '-0.14', '+0.21', '-0.08', '+0.00', '+0.00', 2]
['+0.06', '+0.05', '-0.07', '-0.13', '+0.21', '-0.06', '+0.00', '+0.00', 2]
['+0.06', '+0.05', '-0.06', '-0.15', '+0.21', '-0.10', '+0.00', '+0.00', 3]
['+0.06', '+0.05', '-0.07', '-0.12', '+0.20', '-0.09', '+0.00', '+0.00', 2]
['+0.06', '+0.05', '-0.07', '-0.10', '+0.20', '-0.08', '+0.00', '+0.00', 2]
['+0.06', '+0.04', '-0.07', '-0.13', '+0.19', '-0.08', '+0.00', '+0.00', 0]
['+0.06', '+0.04', '-0.10', '-0.11', '+0.19', '-0.09', '+0.00', '+0.00', 2]
['+0.06', '+0.04', '-0.10', '-0.13', '+0.18', '-0.09', '+0.00', '+0.00', 0]
['+0.06', '+0.04', '-0.10', '-0.09', '+0.18', '-0.07', '+0.00', '+0.00', 2]
['+0.06', '+0.04', '-0.09', '-0.12', '+0.17', '-0.11', '+0.00', '+0.00', 3]
['+0.06', '+0.04', '-0.09', '-0.10', '+0.17', '-0.10', '+0.00', '+0.00', 2]
['+0.06', '+0.03', '-0.09', '-0.13', '+0.16', '-0.10', '+0.00', '+0.00', 0]
['+0.05', '+0.03', '-0.09', '-0.11', '+0.16', '-0.09', '+0.00', '+0.00', 2]
['+0.05', '+0.03', '-0.09', '-0.07', '+0.16', '-0.08', '+0.00', '+0.00', 2]
['+0.05', '+0.03', '-0.09', '-0.09', '+0.15', '-0.08', '+0.00', '+0.00', 0]
['+0.05', '+0.03', '-0.09', '-0.12', '+0.15', '-0.08', '+0.00', '+0.00', 0]
['+0.05', '+0.03', '-0.08', '-0.12', '+0.14', '-0.06', '+0.00', '+0.00', 2]
['+0.05', '+0.02', '-0.07', '-0.10', '+0.14', '-0.04', '+0.00', '+0.00', 2]
['+0.05', '+0.02', '-0.06', '-0.12', '+0.14', '-0.09', '+0.00', '+0.00', 3]
['+0.05', '+0.02', '-0.06', '-0.08', '+0.13', '-0.08', '+0.00', '+0.00', 2]
['+0.05', '+0.02', '-0.06', '-0.11', '+0.13', '-0.08', '+0.00', '+0.00', 0]
['+0.05', '+0.02', '-0.08', '-0.07', '+0.13', '-0.08', '+0.00', '+0.00', 2]
['+0.05', '+0.02', '-0.08', '-0.09', '+0.12', '-0.08', '+0.00', '+0.00', 0]
['+0.05', '+0.02', '-0.10', '-0.07', '+0.12', '-0.10', '+0.00', '+0.00', 2]
['+0.04', '+0.01', '-0.10', '-0.10', '+0.11', '-0.10', '+0.00', '+0.00', 0]
['+0.04', '+0.01', '-0.11', '-0.09', '+0.11', '-0.09', '+0.00', '+0.00', 2]
['+0.04', '+0.01', '-0.12', '-0.07', '+0.10', '-0.10', '+0.00', '+0.00', 2]
['+0.04', '+0.01', '-0.12', '-0.10', '+0.10', '-0.10', '+0.00', '+0.00', 0]
['+0.04', '+0.01', '-0.12', '-0.08', '+0.09', '-0.10', '+0.00', '+0.00', 2]
['+0.04', '+0.01', '-0.12', '-0.11', '+0.09', '-0.10', '+0.00', '+0.00', 0]
['+0.04', '+0.01', '-0.13', '-0.10', '+0.08', '-0.10', '+0.00', '+0.00', 2]
['+0.04', '+0.01', '-0.13', '-0.06', '+0.07', '-0.23', '+0.00', '+1.00', 2]
['+0.03', '+0.00', '-0.13', '-0.08', '+0.06', '-0.31', '+0.00', '+1.00', 0]
['+0.03', '+0.00', '-0.13', '-0.10', '+0.04', '-0.38', '+0.00', '+1.00', 0]
['+0.03', '+0.00', '-0.12', '-0.09', '+0.02', '-0.37', '+0.00', '+1.00', 2]
['+0.03', '-0.00', '-0.12', '-0.11', '-0.00', '-0.39', '+0.00', '+1.00', 0]
['+0.03', '-0.00', '-0.12', '-0.05', '-0.01', '-0.16', '+1.00', '+1.00', 2]
['+0.03', '-0.00', '-0.11', '-0.03', '-0.01', '-0.09', '+1.00', '+1.00', 0]
['+0.03', '-0.00', '-0.10', '-0.01', '-0.01', '-0.02', '+1.00', '+1.00', 0]
['+0.03', '-0.00', '-0.09', '+0.02', '-0.01', '+0.05', '+1.00', '+1.00', 0]
['+0.02', '-0.00', '-0.08', '+0.03', '-0.01', '+0.11', '+1.00', '+1.00', 0]
['+0.02', '-0.00', '-0.07', '+0.04', '+0.00', '+0.13', '+1.00', '+1.00', 0]
['+0.02', '-0.00', '-0.07', '+0.02', '+0.00', '+0.06', '+1.00', '+1.00', 0]
['+0.02', '-0.00', '-0.07', '-0.00', '+0.00', '-0.02', '+0.00', '+1.00', 0]
['+0.02', '-0.00', '-0.07', '-0.03', '-0.00', '-0.09', '+0.00', '+1.00', 0]
['+0.02', '-0.00', '-0.06', '-0.00', '-0.00', '-0.01', '+1.00', '+1.00', 0]
['+0.02', '-0.00', '-0.05', '+0.00', '-0.00', '-0.00', '+1.00', '+1.00', 0]
['+0.02', '-0.00', '-0.05', '+0.00', '-0.00', '-0.00', '+1.00', '+1.00', 0]
['+0.02', '-0.00', '-0.04', '-0.00', '-0.00', '+0.00', '+1.00', '+1.00', 0]
['+0.02', '-0.00', '-0.04', '-0.00', '-0.00', '+0.00', '+1.00', '+1.00', 0]
['+0.02', '-0.00', '-0.03', '-0.00', '-0.00', '+0.00', '+1.00', '+1.00', 0]
['+0.02', '-0.00', '-0.02', '+0.00', '-0.00', '-0.00', '+1.00', '+1.00', 0]
['+0.02', '-0.00', '-0.02', '+0.00', '-0.00', '-0.00', '+1.00', '+1.00', 0]
['+0.02', '-0.00', '-0.01', '+0.00', '-0.00', '+0.00', '+1.00', '+1.00', 0]
['+0.02', '-0.00', '-0.01', '-0.00', '-0.00', '+0.00', '+1.00', '+1.00', 0]
['+0.02', '-0.00', '-0.00', '-0.00', '-0.00', '+0.00', '+1.00', '+1.00', 0]
['+0.02', '-0.00', '+0.00', '+0.00', '-0.00', '-0.00', '+1.00', '+1.00', 0]
['+0.02', '-0.00', '+0.00', '+0.00', '-0.00', '-0.00', '+1.00', '+1.00', 0]
['+0.02', '-0.00', '+0.00', '+0.00', '-0.00', '-0.00', '+1.00', '+1.00', 0]
['+0.02', '-0.00', '-0.00', '-0.00', '-0.00', '+0.00', '+1.00', '+1.00', 0]
['+0.02', '-0.00', '-0.00', '-0.00', '-0.00', '+0.00', '+1.00', '+1.00', 0]
['+0.02', '-0.00', '-0.00', '-0.00', '-0.00', '+0.00', '+1.00', '+1.00', 0]
['+0.02', '-0.00', '-0.00', '-0.00', '-0.00', '+0.00', '+1.00', '+1.00', 0]
['+0.02', '-0.00', '+0.00', '+0.00', '-0.00', '-0.00', '+1.00', '+1.00', 0]
['+0.02', '-0.00', '+0.00', '+0.00', '-0.00', '-0.00', '+1.00', '+1.00', 0]
['+0.02', '-0.00', '+0.00', '-0.00', '-0.00', '-0.00', '+1.00', '+1.00', 0]
['+0.02', '-0.00', '-0.00', '-0.00', '-0.00', '+0.00', '+1.00', '+1.00', 0]
['+0.02', '-0.00', '-0.00', '-0.00', '-0.00', '+0.00', '+1.00', '+1.00', 0]
['+0.02', '-0.00', '-0.00', '-0.00', '-0.00', '+0.00', '+1.00', '+1.00', 0]
['+0.02', '-0.00', '+0.00', '-0.00', '-0.00', '-0.00', '+1.00', '+1.00', 0]
['+0.02', '-0.00', '+0.00', '+0.00', '-0.00', '-0.00', '+1.00', '+1.00', 0]
['+0.02', '-0.00', '+0.00', '-0.00', '-0.00', '-0.00', '+1.00', '+1.00', 0]
['+0.02', '-0.00', '-0.00', '-0.00', '-0.00', '+0.00', '+1.00', '+1.00', 0]
['+0.02', '-0.00', '-0.00', '+0.00', '-0.00', '+0.00', '+1.00', '+1.00', 0]
['+0.02', '-0.00', '-0.00', '-0.00', '-0.00', '+0.00', '+1.00', '+1.00', 0]
['+0.02', '-0.00', '-0.00', '+0.00', '-0.00', '+0.00', '+1.00', '+1.00', 0]
['+0.02', '-0.00', '+0.00', '-0.00', '-0.00', '-0.00', '+1.00', '+1.00', 0]
['+0.02', '-0.00', '+0.00', '+0.00', '-0.00', '-0.00', '+1.00', '+1.00', 0]
['+0.02', '-0.00', '+0.00', '-0.00', '-0.00', '-0.00', '+1.00', '+1.00', 0]
['+0.02', '-0.00', '+0.00', '-0.00', '-0.00', '-0.00', '+1.00', '+1.00', 0]
['+0.02', '-0.00', '+0.00', '+0.00', '-0.00', '+0.00', '+1.00', '+1.00', 0]
['-0.01', '+0.93', '-0.34', '-0.34', '+0.01', '+0.05', '+0.00', '+0.00', 3]
['-0.01', '+0.93', '-0.34', '-0.37', '+0.01', '+0.02', '+0.00', '+0.00', 3]
['-0.01', '+0.92', '-0.32', '-0.40', '+0.01', '-0.03', '+0.00', '+0.00', 3]
['-0.02', '+0.91', '-0.31', '-0.42', '+0.00', '-0.07', '+0.00', '+0.00', 3]
['-0.02', '+0.91', '-0.31', '-0.45', '-0.00', '-0.11', '+0.00', '+0.00', 3]
['-0.02', '+0.90', '-0.31', '-0.48', '-0.01', '-0.11', '+0.00', '+0.00', 0]
['-0.03', '+0.89', '-0.31', '-0.50', '-0.01', '-0.11', '+0.00', '+0.00', 0]
['-0.03', '+0.88', '-0.31', '-0.53', '-0.02', '-0.11', '+0.00', '+0.00', 0]
['-0.03', '+0.88', '-0.30', '-0.56', '-0.02', '-0.11', '+0.00', '+0.00', 0]
['-0.04', '+0.87', '-0.30', '-0.58', '-0.03', '-0.11', '+0.00', '+0.00', 0]
['-0.04', '+0.86', '-0.30', '-0.61', '-0.04', '-0.11', '+0.00', '+0.00', 0]
['-0.04', '+0.85', '-0.30', '-0.64', '-0.04', '-0.11', '+0.00', '+0.00', 0]
['-0.04', '+0.84', '-0.30', '-0.66', '-0.05', '-0.11', '+0.00', '+0.00', 0]
['-0.05', '+0.83', '-0.30', '-0.69', '-0.05', '-0.11', '+0.00', '+0.00', 0]
['-0.05', '+0.82', '-0.30', '-0.72', '-0.06', '-0.11', '+0.00', '+0.00', 0]
['-0.05', '+0.81', '-0.30', '-0.74', '-0.06', '-0.11', '+0.00', '+0.00', 0]
['-0.06', '+0.79', '-0.30', '-0.77', '-0.07', '-0.11', '+0.00', '+0.00', 0]
['-0.06', '+0.78', '-0.30', '-0.80', '-0.07', '-0.11', '+0.00', '+0.00', 0]
['-0.06', '+0.77', '-0.30', '-0.82', '-0.08', '-0.11', '+0.00', '+0.00', 0]
['-0.07', '+0.76', '-0.30', '-0.85', '-0.08', '-0.11', '+0.00', '+0.00', 0]
['-0.07', '+0.74', '-0.30', '-0.84', '-0.09', '-0.11', '+0.00', '+0.00', 2]
['-0.07', '+0.73', '-0.31', '-0.82', '-0.09', '-0.12', '+0.00', '+0.00', 2]
['-0.08', '+0.72', '-0.29', '-0.80', '-0.10', '-0.11', '+0.00', '+0.00', 2]
['-0.08', '+0.71', '-0.30', '-0.79', '-0.11', '-0.12', '+0.00', '+0.00', 2]
['-0.08', '+0.70', '-0.31', '-0.79', '-0.11', '-0.14', '+0.00', '+0.00', 2]
['-0.08', '+0.68', '-0.31', '-0.77', '-0.12', '-0.15', '+0.00', '+0.00', 2]
['-0.09', '+0.67', '-0.31', '-0.78', '-0.13', '-0.15', '+0.00', '+0.00', 2]
['-0.09', '+0.66', '-0.30', '-0.76', '-0.14', '-0.15', '+0.00', '+0.00', 2]
['-0.09', '+0.65', '-0.31', '-0.76', '-0.14', '-0.16', '+0.00', '+0.00', 2]
['-0.10', '+0.64', '-0.30', '-0.77', '-0.15', '-0.16', '+0.00', '+0.00', 2]
['-0.10', '+0.63', '-0.31', '-0.75', '-0.16', '-0.18', '+0.00', '+0.00', 2]
['-0.10', '+0.62', '-0.31', '-0.73', '-0.17', '-0.19', '+0.00', '+0.00', 2]
['-0.11', '+0.61', '-0.32', '-0.76', '-0.18', '-0.14', '+0.00', '+0.00', 1]
['-0.11', '+0.59', '-0.29', '-0.74', '-0.18', '-0.12', '+0.00', '+0.00', 2]
['-0.11', '+0.58', '-0.29', '-0.70', '-0.19', '-0.14', '+0.00', '+0.00', 2]
['-0.12', '+0.57', '-0.28', '-0.69', '-0.20', '-0.14', '+0.00', '+0.00', 2]
['-0.12', '+0.56', '-0.28', '-0.68', '-0.20', '-0.15', '+0.00', '+0.00', 2]
['-0.12', '+0.55', '-0.24', '-0.66', '-0.21', '-0.13', '+0.00', '+0.00', 2]
['-0.12', '+0.54', '-0.24', '-0.63', '-0.22', '-0.14', '+0.00', '+0.00', 2]
['-0.13', '+0.53', '-0.24', '-0.66', '-0.22', '-0.11', '+0.00', '+0.00', 1]
['-0.13', '+0.52', '-0.23', '-0.66', '-0.23', '-0.10', '+0.00', '+0.00', 2]
['-0.13', '+0.51', '-0.23', '-0.64', '-0.23', '-0.12', '+0.00', '+0.00', 2]
['-0.13', '+0.50', '-0.22', '-0.64', '-0.24', '-0.12', '+0.00', '+0.00', 2]
['-0.14', '+0.50', '-0.21', '-0.63', '-0.25', '-0.12', '+0.00', '+0.00', 2]
['-0.14', '+0.49', '-0.22', '-0.65', '-0.25', '-0.08', '+0.00', '+0.00', 1]
['-0.14', '+0.48', '-0.20', '-0.61', '-0.25', '-0.09', '+0.00', '+0.00', 2]
['-0.14', '+0.47', '-0.16', '-0.57', '-0.26', '-0.08', '+0.00', '+0.00', 2]
['-0.14', '+0.46', '-0.16', '-0.57', '-0.26', '-0.08', '+0.00', '+0.00', 2]
['-0.14', '+0.45', '-0.17', '-0.60', '-0.26', '-0.04', '+0.00', '+0.00', 1]
['-0.15', '+0.44', '-0.13', '-0.56', '-0.27', '-0.03', '+0.00', '+0.00', 2]
['-0.15', '+0.43', '-0.11', '-0.52', '-0.27', '-0.03', '+0.00', '+0.00', 2]
['-0.15', '+0.43', '-0.11', '-0.51', '-0.27', '-0.04', '+0.00', '+0.00', 2]
['-0.15', '+0.42', '-0.12', '-0.53', '-0.27', '-0.00', '+0.00', '+0.00', 1]
['-0.15', '+0.41', '-0.10', '-0.53', '-0.27', '+0.00', '+0.00', '+0.00', 2]
['-0.15', '+0.40', '-0.10', '-0.53', '-0.27', '-0.01', '+0.00', '+0.00', 2]
['-0.15', '+0.39', '-0.07', '-0.52', '-0.27', '+0.00', '+0.00', '+0.00', 2]
['-0.15', '+0.39', '-0.05', '-0.49', '-0.27', '+0.00', '+0.00', '+0.00', 2]
['-0.15', '+0.38', '-0.02', '-0.48', '-0.27', '+0.01', '+0.00', '+0.00', 2]
['-0.15', '+0.37', '-0.02', '-0.48', '-0.27', '+0.00', '+0.00', '+0.00', 2]
['-0.15', '+0.37', '-0.00', '-0.45', '-0.27', '-0.00', '+0.00', '+0.00', 2]
['-0.15', '+0.36', '-0.01', '-0.47', '-0.27', '+0.04', '+0.00', '+0.00', 1]
['-0.15', '+0.35', '+0.02', '-0.43', '-0.26', '+0.05', '+0.00', '+0.00', 2]
['-0.15', '+0.35', '+0.04', '-0.39', '-0.26', '+0.04', '+0.00', '+0.00', 2]
['-0.15', '+0.34', '+0.03', '-0.42', '-0.26', '+0.08', '+0.00', '+0.00', 1]
['-0.15', '+0.33', '+0.04', '-0.40', '-0.25', '+0.07', '+0.00', '+0.00', 2]
['-0.15', '+0.33', '+0.08', '-0.39', '-0.25', '+0.09', '+0.00', '+0.00', 2]
['-0.15', '+0.32', '+0.08', '-0.38', '-0.25', '+0.08', '+0.00', '+0.00', 2]
['-0.15', '+0.32', '+0.08', '-0.37', '-0.24', '+0.07', '+0.00', '+0.00', 2]
['-0.15', '+0.31', '+0.08', '-0.34', '-0.24', '+0.05', '+0.00', '+0.00', 2]
['-0.15', '+0.31', '+0.08', '-0.36', '-0.24', '+0.08', '+0.00', '+0.00', 1]
['-0.15', '+0.30', '+0.08', '-0.35', '-0.23', '+0.08', '+0.00', '+0.00', 2]
['-0.15', '+0.30', '+0.11', '-0.34', '-0.23', '+0.09', '+0.00', '+0.00', 2]
['-0.14', '+0.29', '+0.11', '-0.31', '-0.22', '+0.08', '+0.00', '+0.00', 2]
['-0.14', '+0.29', '+0.10', '-0.34', '-0.22', '+0.12', '+0.00', '+0.00', 1]
['-0.14', '+0.28', '+0.14', '-0.32', '-0.21', '+0.14', '+0.00', '+0.00', 2]
['-0.14', '+0.28', '+0.15', '-0.28', '-0.20', '+0.13', '+0.00', '+0.00', 2]
['-0.14', '+0.27', '+0.15', '-0.31', '-0.20', '+0.13', '+0.00', '+0.00', 0]
['-0.14', '+0.27', '+0.18', '-0.28', '-0.19', '+0.15', '+0.00', '+0.00', 2]
['-0.13', '+0.26', '+0.18', '-0.30', '-0.18', '+0.15', '+0.00', '+0.00', 0]
['-0.13', '+0.26', '+0.21', '-0.29', '-0.18', '+0.16', '+0.00', '+0.00', 2]
['-0.13', '+0.26', '+0.21', '-0.31', '-0.17', '+0.16', '+0.00', '+0.00', 0]
['-0.13', '+0.25', '+0.23', '-0.31', '-0.16', '+0.17', '+0.00', '+0.00', 2]
['-0.13', '+0.25', '+0.22', '-0.29', '-0.15', '+0.15', '+0.00', '+0.00', 2]
['-0.12', '+0.24', '+0.25', '-0.26', '-0.14', '+0.16', '+0.00', '+0.00', 2]
['-0.12', '+0.24', '+0.25', '-0.29', '-0.13', '+0.16', '+0.00', '+0.00', 0]
['-0.12', '+0.23', '+0.27', '-0.27', '-0.13', '+0.18', '+0.00', '+0.00', 2]
['-0.11', '+0.23', '+0.27', '-0.29', '-0.12', '+0.18', '+0.00', '+0.00', 0]
['-0.11', '+0.23', '+0.29', '-0.27', '-0.11', '+0.19', '+0.00', '+0.00', 2]
['-0.11', '+0.22', '+0.29', '-0.23', '-0.10', '+0.18', '+0.00', '+0.00', 2]
['-0.11', '+0.22', '+0.29', '-0.26', '-0.09', '+0.18', '+0.00', '+0.00', 0]
['-0.10', '+0.21', '+0.29', '-0.28', '-0.08', '+0.18', '+0.00', '+0.00', 0]
['-0.10', '+0.21', '+0.31', '-0.26', '-0.07', '+0.19', '+0.00', '+0.00', 2]
['-0.10', '+0.21', '+0.33', '-0.26', '-0.06', '+0.21', '+0.00', '+0.00', 2]
['-0.09', '+0.20', '+0.33', '-0.23', '-0.05', '+0.20', '+0.00', '+0.00', 2]
['-0.09', '+0.20', '+0.33', '-0.26', '-0.04', '+0.20', '+0.00', '+0.00', 0]
['-0.09', '+0.19', '+0.33', '-0.26', '-0.03', '+0.20', '+0.00', '+0.00', 2]
['-0.08', '+0.19', '+0.32', '-0.25', '-0.02', '+0.19', '+0.00', '+0.00', 2]
['-0.08', '+0.19', '+0.32', '-0.22', '-0.01', '+0.19', '+0.00', '+0.00', 2]
['-0.08', '+0.18', '+0.32', '-0.25', '-0.00', '+0.19', '+0.00', '+0.00', 0]
['-0.07', '+0.18', '+0.33', '-0.23', '+0.01', '+0.20', '+0.00', '+0.00', 2]
['-0.07', '+0.18', '+0.34', '-0.26', '+0.02', '+0.15', '+0.00', '+0.00', 3]
['-0.07', '+0.17', '+0.34', '-0.25', '+0.02', '+0.15', '+0.00', '+0.00', 2]
['-0.06', '+0.17', '+0.35', '-0.24', '+0.03', '+0.16', '+0.00', '+0.00', 2]
['-0.06', '+0.17', '+0.36', '-0.24', '+0.04', '+0.17', '+0.00', '+0.00', 2]
['-0.05', '+0.16', '+0.37', '-0.22', '+0.05', '+0.18', '+0.00', '+0.00', 2]
['-0.05', '+0.16', '+0.37', '-0.25', '+0.06', '+0.18', '+0.00', '+0.00', 0]
['-0.05', '+0.16', '+0.37', '-0.21', '+0.07', '+0.19', '+0.00', '+0.00', 2]
['-0.04', '+0.15', '+0.38', '-0.24', '+0.08', '+0.16', '+0.00', '+0.00', 3]
['-0.04', '+0.15', '+0.38', '-0.22', '+0.08', '+0.16', '+0.00', '+0.00', 2]
['-0.04', '+0.14', '+0.38', '-0.24', '+0.09', '+0.16', '+0.00', '+0.00', 0]
['-0.03', '+0.14', '+0.36', '-0.21', '+0.10', '+0.16', '+0.00', '+0.00', 2]
['-0.03', '+0.14', '+0.36', '-0.24', '+0.11', '+0.16', '+0.00', '+0.00', 0]
['-0.02', '+0.14', '+0.35', '-0.21', '+0.12', '+0.15', '+0.00', '+0.00', 2]
['-0.02', '+0.13', '+0.35', '-0.24', '+0.12', '+0.15', '+0.00', '+0.00', 0]
['-0.02', '+0.13', '+0.32', '-0.22', '+0.13', '+0.13', '+0.00', '+0.00', 2]
['-0.01', '+0.12', '+0.32', '-0.22', '+0.14', '+0.13', '+0.00', '+0.00', 2]
['-0.01', '+0.12', '+0.32', '-0.21', '+0.14', '+0.15', '+0.00', '+0.00', 2]
['-0.01', '+0.12', '+0.33', '-0.23', '+0.15', '+0.10', '+0.00', '+0.00', 3]
['-0.00', '+0.11', '+0.34', '-0.23', '+0.15', '+0.11', '+0.00', '+0.00', 2]
['-0.00', '+0.11', '+0.32', '-0.19', '+0.16', '+0.10', '+0.00', '+0.00', 2]
['+0.00', '+0.11', '+0.32', '-0.22', '+0.16', '+0.10', '+0.00', '+0.00', 0]
['+0.01', '+0.11', '+0.32', '-0.21', '+0.17', '+0.11', '+0.00', '+0.00', 2]
['+0.01', '+0.10', '+0.32', '-0.19', '+0.18', '+0.12', '+0.00', '+0.00', 2]
['+0.01', '+0.10', '+0.32', '-0.22', '+0.18', '+0.12', '+0.00', '+0.00', 0]
['+0.02', '+0.10', '+0.31', '-0.18', '+0.19', '+0.13', '+0.00', '+0.00', 2]
['+0.02', '+0.09', '+0.32', '-0.21', '+0.19', '+0.08', '+0.00', '+0.00', 3]
['+0.02', '+0.09', '+0.30', '-0.18', '+0.20', '+0.08', '+0.00', '+0.00', 2]
['+0.02', '+0.09', '+0.30', '-0.17', '+0.20', '+0.09', '+0.00', '+0.00', 2]
['+0.03', '+0.09', '+0.30', '-0.19', '+0.21', '+0.09', '+0.00', '+0.00', 0]
['+0.03', '+0.08', '+0.29', '-0.19', '+0.21', '+0.09', '+0.00', '+0.00', 2]
['+0.03', '+0.08', '+0.29', '-0.15', '+0.22', '+0.11', '+0.00', '+0.00', 2]
['+0.04', '+0.08', '+0.30', '-0.18', '+0.22', '+0.06', '+0.00', '+0.00', 3]
['+0.04', '+0.08', '+0.30', '-0.15', '+0.22', '+0.07', '+0.00', '+0.00', 2]
['+0.04', '+0.07', '+0.30', '-0.18', '+0.23', '+0.07', '+0.00', '+0.00', 0]
['+0.05', '+0.07', '+0.26', '-0.14', '+0.23', '+0.06', '+0.00', '+0.00', 2]
['+0.05', '+0.07', '+0.26', '-0.17', '+0.23', '+0.06', '+0.00', '+0.00', 0]
['+0.05', '+0.07', '+0.24', '-0.15', '+0.23', '+0.05', '+0.00', '+0.00', 2]
['+0.05', '+0.06', '+0.20', '-0.11', '+0.24', '+0.04', '+0.00', '+0.00', 2]
['+0.05', '+0.06', '+0.20', '-0.14', '+0.24', '+0.04', '+0.00', '+0.00', 0]
['+0.06', '+0.06', '+0.20', '-0.10', '+0.24', '+0.06', '+0.00', '+0.00', 2]
['+0.06', '+0.06', '+0.21', '-0.12', '+0.24', '+0.02', '+0.00', '+0.00', 3]
['+0.06', '+0.06', '+0.21', '-0.15', '+0.24', '+0.02', '+0.00', '+0.00', 0]
['+0.06', '+0.05', '+0.18', '-0.15', '+0.24', '+0.01', '+0.00', '+0.00', 2]
['+0.06', '+0.05', '+0.15', '-0.11', '+0.24', '+0.00', '+0.00', '+0.00', 2]
['+0.07', '+0.05', '+0.15', '-0.13', '+0.24', '+0.00', '+0.00', '+0.00', 0]
['+0.07', '+0.05', '+0.15', '-0.11', '+0.24', '+0.02', '+0.00', '+0.00', 2]
['+0.07', '+0.05', '+0.15', '-0.14', '+0.25', '+0.02', '+0.00', '+0.00', 0]
['+0.07', '+0.05', '+0.14', '-0.10', '+0.25', '+0.03', '+0.00', '+0.00', 2]
['+0.07', '+0.04', '+0.15', '-0.12', '+0.25', '-0.01', '+0.00', '+0.00', 3]
['+0.07', '+0.04', '+0.15', '-0.12', '+0.25', '-0.00', '+0.00', '+0.00', 2]
['+0.07', '+0.04', '+0.14', '-0.10', '+0.25', '+0.01', '+0.00', '+0.00', 2]
['+0.08', '+0.04', '+0.12', '-0.11', '+0.25', '-0.01', '+0.00', '+0.00', 2]
['+0.08', '+0.04', '+0.10', '-0.08', '+0.25', '-0.01', '+0.00', '+0.00', 2]
['+0.08', '+0.04', '+0.10', '-0.11', '+0.25', '-0.01', '+0.00', '+0.00', 0]
['+0.08', '+0.03', '+0.09', '-0.10', '+0.25', '-0.00', '+0.00', '+0.00', 2]
['+0.08', '+0.03', '+0.10', '-0.12', '+0.24', '-0.05', '+0.00', '+0.00', 3]
['+0.08', '+0.03', '+0.10', '-0.11', '+0.24', '-0.04', '+0.00', '+0.00', 2]
['+0.08', '+0.03', '+0.08', '-0.10', '+0.24', '-0.04', '+0.00', '+0.00', 2]
['+0.08', '+0.03', '+0.06', '-0.10', '+0.24', '-0.05', '+0.00', '+0.00', 2]
['+0.08', '+0.03', '+0.06', '-0.09', '+0.23', '-0.04', '+0.00', '+0.00', 2]
['+0.08', '+0.03', '+0.05', '-0.06', '+0.23', '-0.04', '+0.00', '+0.00', 2]
['+0.08', '+0.02', '+0.05', '-0.09', '+0.23', '-0.04', '+0.00', '+0.00', 0]
['+0.08', '+0.02', '+0.03', '-0.05', '+0.23', '-0.03', '+0.00', '+0.00', 2]
['+0.08', '+0.02', '+0.03', '-0.08', '+0.23', '-0.03', '+0.00', '+0.00', 0]
['+0.08', '+0.02', '+0.03', '-0.10', '+0.23', '-0.03', '+0.00', '+0.00', 0]
['+0.08', '+0.02', '+0.01', '-0.06', '+0.23', '-0.02', '+0.00', '+0.00', 2]
['+0.08', '+0.02', '+0.02', '-0.09', '+0.22', '-0.06', '+0.00', '+0.00', 3]
['+0.08', '+0.02', '+0.02', '-0.06', '+0.22', '-0.05', '+0.00', '+0.00', 2]
['+0.08', '+0.02', '+0.02', '-0.08', '+0.22', '-0.05', '+0.00', '+0.00', 0]
['+0.08', '+0.02', '-0.00', '-0.05', '+0.21', '-0.22', '+0.00', '+1.00', 2]
['+0.08', '+0.01', '-0.00', '-0.07', '+0.19', '-0.29', '+0.00', '+1.00', 0]
['+0.08', '+0.01', '-0.00', '-0.09', '+0.17', '-0.37', '+0.00', '+1.00', 0]
['+0.08', '+0.01', '+0.00', '-0.11', '+0.15', '-0.44', '+0.00', '+1.00', 0]
['+0.08', '+0.01', '-0.00', '-0.09', '+0.13', '-0.43', '+0.00', '+1.00', 2]
['+0.08', '+0.01', '-0.00', '-0.12', '+0.11', '-0.43', '+0.00', '+0.00', 0]
['+0.08', '+0.01', '-0.01', '-0.13', '+0.08', '-0.52', '+0.00', '+1.00', 1]
['+0.08', '+0.00', '-0.03', '-0.13', '+0.06', '-0.53', '+0.00', '+0.00', 2]
['+0.08', '+0.00', '-0.04', '-0.16', '+0.03', '-0.49', '+0.00', '+0.00', 1]
['+0.08', '-0.00', '-0.04', '-0.17', '+0.00', '-0.61', '+0.00', '+1.00', 1]
['+0.08', '-0.00', '-0.04', '-0.16', '-0.03', '-0.61', '+1.00', '+1.00', 2]
['+0.08', '-0.00', '-0.06', '-0.09', '-0.04', '-0.28', '+1.00', '+0.00', 2]
['+0.08', '-0.01', '-0.06', '-0.07', '-0.06', '-0.23', '+1.00', '+1.00', 0]
['+0.08', '-0.01', '-0.05', '-0.05', '-0.06', '-0.17', '+1.00', '+1.00', 0]
['+0.08', '-0.01', '-0.04', '-0.03', '-0.07', '-0.10', '+1.00', '+1.00', 0]
['+0.08', '-0.01', '-0.03', '-0.01', '-0.07', '-0.04', '+1.00', '+1.00', 0]
['+0.08', '-0.01', '-0.02', '+0.01', '-0.07', '+0.03', '+1.00', '+1.00', 0]
['+0.08', '-0.01', '-0.02', '+0.02', '-0.07', '+0.07', '+1.00', '+1.00', 0]
['+0.08', '-0.01', '-0.02', '+0.03', '-0.06', '+0.10', '+1.00', '+1.00', 0]
['+0.08', '-0.01', '-0.02', '+0.04', '-0.06', '+0.12', '+1.00', '+1.00', 0]
['+0.08', '-0.00', '-0.02', '+0.04', '-0.05', '+0.11', '+1.00', '+1.00', 0]
['+0.08', '-0.00', '-0.02', '+0.03', '-0.04', '+0.10', '+1.00', '+1.00', 0]
['+0.08', '-0.00', '-0.02', '+0.02', '-0.04', '+0.08', '+1.00', '+1.00', 0]
['+0.08', '-0.00', '-0.02', '+0.02', '-0.04', '+0.06', '+1.00', '+1.00', 0]
['+0.08', '-0.00', '-0.02', '+0.01', '-0.04', '+0.04', '+1.00', '+1.00', 0]
['+0.08', '-0.00', '-0.01', '+0.01', '-0.03', '+0.04', '+1.00', '+1.00', 0]
['+0.08', '-0.00', '-0.01', '+0.01', '-0.03', '+0.04', '+1.00', '+1.00', 0]
['+0.08', '-0.00', '-0.01', '+0.01', '-0.03', '+0.04', '+1.00', '+1.00', 0]
['+0.08', '-0.00', '-0.01', '+0.01', '-0.03', '+0.05', '+1.00', '+1.00', 0]
['+0.08', '-0.00', '-0.01', '+0.02', '-0.02', '+0.06', '+1.00', '+1.00', 0]
['+0.08', '-0.00', '-0.01', '+0.02', '-0.02', '+0.06', '+1.00', '+1.00', 0]
['+0.08', '-0.00', '-0.01', '+0.02', '-0.02', '+0.07', '+1.00', '+1.00', 0]
['+0.08', '-0.00', '-0.01', '+0.02', '-0.01', '+0.07', '+1.00', '+1.00', 0]
['+0.08', '-0.00', '-0.01', '+0.02', '-0.01', '+0.07', '+1.00', '+1.00', 0]
['+0.08', '-0.00', '-0.01', '+0.02', '-0.01', '+0.07', '+1.00', '+1.00', 0]
['+0.08', '-0.00', '-0.01', '+0.02', '-0.00', '+0.06', '+1.00', '+1.00', 0]
['+0.08', '-0.00', '-0.01', '+0.02', '-0.00', '+0.06', '+1.00', '+1.00', 0]
['+0.08', '-0.00', '-0.01', '+0.00', '-0.00', '-0.00', '+1.00', '+1.00', 0]
['+0.08', '-0.00', '-0.00', '-0.00', '-0.00', '+0.00', '+1.00', '+1.00', 0]
['+0.08', '-0.00', '+0.00', '-0.00', '-0.00', '-0.00', '+1.00', '+1.00', 0]
['+0.08', '-0.00', '+0.00', '+0.00', '-0.00', '-0.00', '+1.00', '+1.00', 0]
['+0.08', '-0.00', '+0.00', '-0.00', '-0.00', '-0.00', '+1.00', '+1.00', 0]
['+0.08', '-0.00', '-0.00', '+0.00', '-0.00', '+0.00', '+1.00', '+1.00', 0]
['+0.08', '-0.00', '-0.00', '+0.00', '-0.00', '+0.00', '+1.00', '+1.00', 0]
['+0.08', '-0.00', '-0.00', '+0.00', '-0.00', '+0.00', '+1.00', '+1.00', 0]
['+0.08', '-0.00', '-0.00', '+0.00', '-0.00', '+0.00', '+1.00', '+1.00', 0]
['+0.08', '-0.00', '+0.00', '-0.00', '-0.00', '-0.00', '+1.00', '+1.00', 0]
['+0.08', '-0.00', '+0.00', '-0.00', '-0.00', '-0.00', '+1.00', '+1.00', 0]
['+0.08', '-0.00', '+0.00', '-0.00', '-0.00', '-0.00', '+1.00', '+1.00', 0]
['+0.08', '-0.00', '-0.00', '+0.00', '-0.00', '+0.00', '+1.00', '+1.00', 0]
['+0.08', '-0.00', '-0.00', '+0.00', '-0.00', '+0.00', '+1.00', '+1.00', 0]
['+0.08', '-0.00', '-0.00', '+0.00', '-0.00', '+0.00', '+1.00', '+1.00', 0]
['+0.08', '-0.00', '+0.00', '-0.00', '-0.00', '-0.00', '+1.00', '+1.00', 0]
['+0.08', '-0.00', '+0.00', '-0.00', '-0.00', '-0.00', '+1.00', '+1.00', 0]
['+0.08', '-0.00', '+0.00', '+0.00', '-0.00', '-0.00', '+1.00', '+1.00', 0]
['+0.08', '-0.00', '+0.00', '-0.00', '-0.00', '-0.00', '+1.00', '+1.00', 0]
['+0.08', '-0.00', '-0.00', '+0.00', '-0.00', '+0.00', '+1.00', '+1.00', 0]
['+0.08', '-0.00', '-0.00', '-0.00', '-0.00', '+0.00', '+1.00', '+1.00', 0]
['+0.08', '-0.00', '-0.00', '-0.00', '-0.00', '+0.00', '+1.00', '+1.00', 0]
['+0.08', '-0.00', '+0.00', '-0.00', '-0.00', '-0.00', '+1.00', '+1.00', 0]
['+0.08', '-0.00', '+0.00', '+0.00', '-0.00', '-0.00', '+1.00', '+1.00', 0]
['+0.08', '-0.00', '+0.00', '+0.00', '-0.00', '-0.00', '+1.00', '+1.00', 0]
['+0.08', '-0.00', '+0.00', '-0.00', '-0.00', '-0.00', '+1.00', '+1.00', 0]
['+0.08', '-0.00', '+0.00', '+0.00', '-0.00', '+0.00', '+1.00', '+1.00', 0]
['+0.00', '+0.93', '+0.08', '-0.36', '+0.00', '+0.03', '+0.00', '+0.00', 1]
['+0.00', '+0.92', '+0.08', '-0.38', '+0.00', '+0.03', '+0.00', '+0.00', 0]
['+0.00', '+0.92', '+0.08', '-0.41', '+0.00', '+0.03', '+0.00', '+0.00', 0]
['+0.00', '+0.91', '+0.08', '-0.44', '+0.00', '+0.03', '+0.00', '+0.00', 0]
['+0.00', '+0.90', '+0.08', '-0.46', '+0.01', '+0.03', '+0.00', '+0.00', 0]
['+0.01', '+0.90', '+0.08', '-0.49', '+0.01', '+0.03', '+0.00', '+0.00', 0]
['+0.01', '+0.89', '+0.08', '-0.52', '+0.01', '+0.03', '+0.00', '+0.00', 0]
['+0.01', '+0.88', '+0.08', '-0.54', '+0.01', '+0.03', '+0.00', '+0.00', 0]
['+0.01', '+0.87', '+0.08', '-0.57', '+0.01', '+0.03', '+0.00', '+0.00', 0]
['+0.01', '+0.86', '+0.08', '-0.60', '+0.01', '+0.03', '+0.00', '+0.00', 0]
['+0.01', '+0.85', '+0.08', '-0.62', '+0.01', '+0.03', '+0.00', '+0.00', 0]
['+0.01', '+0.85', '+0.08', '-0.65', '+0.02', '+0.03', '+0.00', '+0.00', 0]
['+0.01', '+0.83', '+0.08', '-0.68', '+0.02', '+0.03', '+0.00', '+0.00', 0]
['+0.01', '+0.82', '+0.08', '-0.70', '+0.02', '+0.03', '+0.00', '+0.00', 0]
['+0.01', '+0.81', '+0.08', '-0.73', '+0.02', '+0.03', '+0.00', '+0.00', 0]
['+0.01', '+0.80', '+0.08', '-0.76', '+0.02', '+0.03', '+0.00', '+0.00', 0]
['+0.01', '+0.79', '+0.08', '-0.78', '+0.02', '+0.03', '+0.00', '+0.00', 0]
['+0.01', '+0.78', '+0.08', '-0.81', '+0.02', '+0.03', '+0.00', '+0.00', 0]
['+0.02', '+0.77', '+0.08', '-0.84', '+0.02', '+0.03', '+0.00', '+0.00', 0]
['+0.02', '+0.75', '+0.08', '-0.86', '+0.03', '+0.03', '+0.00', '+0.00', 0]
['+0.02', '+0.74', '+0.09', '-0.87', '+0.03', '+0.04', '+0.00', '+0.00', 2]
['+0.02', '+0.73', '+0.08', '-0.83', '+0.03', '+0.03', '+0.00', '+0.00', 2]
['+0.02', '+0.71', '+0.09', '-0.83', '+0.03', '+0.05', '+0.00', '+0.00', 2]
['+0.02', '+0.70', '+0.08', '-0.81', '+0.03', '+0.04', '+0.00', '+0.00', 2]
['+0.02', '+0.69', '+0.07', '-0.80', '+0.04', '+0.03', '+0.00', '+0.00', 2]
['+0.02', '+0.68', '+0.07', '-0.78', '+0.04', '+0.03', '+0.00', '+0.00', 2]
['+0.02', '+0.67', '+0.05', '-0.74', '+0.04', '+0.02', '+0.00', '+0.00', 2]
['+0.02', '+0.66', '+0.05', '-0.77', '+0.04', '+0.02', '+0.00', '+0.00', 0]
['+0.02', '+0.65', '+0.05', '-0.75', '+0.04', '+0.02', '+0.00', '+0.00', 2]
['+0.02', '+0.63', '+0.04', '-0.71', '+0.04', '+0.02', '+0.00', '+0.00', 2]
['+0.02', '+0.62', '+0.04', '-0.74', '+0.04', '+0.02', '+0.00', '+0.00', 0]
['+0.02', '+0.61', '+0.03', '-0.72', '+0.04', '+0.01', '+0.00', '+0.00', 2]
['+0.02', '+0.60', '+0.02', '-0.71', '+0.04', '+0.00', '+0.00', '+0.00', 2]
['+0.02', '+0.59', '+0.02', '-0.70', '+0.04', '+0.00', '+0.00', '+0.00', 2]
['+0.02', '+0.58', '+0.02', '-0.68', '+0.04', '+0.01', '+0.00', '+0.00', 2]
['+0.02', '+0.57', '+0.01', '-0.68', '+0.04', '-0.00', '+0.00', '+0.00', 2]
['+0.02', '+0.56', '-0.01', '-0.64', '+0.04', '-0.02', '+0.00', '+0.00', 2]
['+0.02', '+0.55', '-0.01', '-0.67', '+0.04', '-0.02', '+0.00', '+0.00', 0]
['+0.02', '+0.54', '+0.00', '-0.64', '+0.04', '-0.00', '+0.00', '+0.00', 2]
['+0.02', '+0.53', '+0.01', '-0.62', '+0.04', '+0.01', '+0.00', '+0.00', 2]
['+0.02', '+0.52', '+0.00', '-0.59', '+0.04', '+0.00', '+0.00', '+0.00', 2]
['+0.02', '+0.51', '+0.00', '-0.62', '+0.04', '+0.00', '+0.00', '+0.00', 0]
['+0.02', '+0.51', '+0.01', '-0.58', '+0.04', '+0.02', '+0.00', '+0.00', 2]