-0.65 +0.03 2
-0.62 +0.03 2
-0.59 +0.03 2
-0.56 +0.03 2
-0.53 +0.03 2
-0.49 +0.03 2
-0.46 +0.03 2
-0.42 +0.04 2
-0.39 +0.04 2
-0.35 +0.04 2
-0.32 +0.04 2
-0.28 +0.03 2
-0.25 +0.03 2
-0.22 +0.03 2
-0.18 +0.03 2
-0.15 +0.03 2
-0.12 +0.03 2
-0.09 +0.03 2
-0.07 +0.03 2
-0.04 +0.03 2
-0.02 +0.02 2
+0.01 +0.02 2
+0.03 +0.02 2
+0.05 +0.02 1
+0.06 +0.02 1
+0.08 +0.01 1
+0.09 +0.01 1
+0.10 +0.01 1
+0.10 +0.01 1
+0.11 +0.00 1
+0.11 +0.00 1
+0.11 -0.00 1
+0.11 -0.00 1
+0.10 -0.01 1
+0.09 -0.01 1
+0.08 -0.01 1
+0.07 -0.01 0
+0.05 -0.02 0
+0.03 -0.02 0
+0.01 -0.02 0
-0.02 -0.03 0
-0.05 -0.03 0
-0.08 -0.03 0
-0.12 -0.04 0
-0.16 -0.04 0
-0.21 -0.04 0
-0.25 -0.05 0
-0.30 -0.05 0
-0.36 -0.05 0
-0.41 -0.05 0
-0.47 -0.06 0
-0.53 -0.06 0
-0.59 -0.06 0
-0.64 -0.06 0
-0.70 -0.06 0
-0.76 -0.06 0
-0.82 -0.06 0
-0.88 -0.06 0
-0.94 -0.06 0
-0.99 -0.06 0
-1.05 -0.05 0
-1.10 -0.05 0
-1.15 -0.05 0
-1.20 -0.05 0
-1.20 +0.00 0
-1.20 +0.00 0
-1.19 +0.00 2
-1.19 +0.01 2
-1.18 +0.01 2
-1.16 +0.01 2
-1.14 +0.02 2
-1.12 +0.02 2
-1.10 +0.02 2
-1.07 +0.03 2
-1.04 +0.03 2
-1.00 +0.04 2
-0.96 +0.04 2
-0.92 +0.04 2
-0.88 +0.05 2
-0.83 +0.05 2
-0.78 +0.05 2
-0.72 +0.05 2
-0.67 +0.06 2
-0.61 +0.06 2
-0.55 +0.06 2
-0.49 +0.06 2
-0.42 +0.06 2
-0.36 +0.06 2
-0.30 +0.06 2
-0.24 +0.06 2
-0.18 +0.06 2
-0.12 +0.06 2
-0.06 +0.06 2
-0.00 +0.06 2
+0.05 +0.06 2
+0.11 +0.05 1
+0.16 +0.05 1
+0.20 +0.05 1
+0.25 +0.05 1
+0.29 +0.04 1