-0.58 -0.00 0
-0.58 -0.00 0
-0.59 -0.00 0
-0.59 -0.00 0
-0.59 -0.00 0
-0.59 -0.00 0
-0.60 -0.00 0
-0.60 -0.00 0
-0.61 -0.00 0
-0.61 -0.00 0
-0.62 -0.01 0
-0.62 -0.01 0
-0.63 -0.01 0
-0.63 -0.01 0
-0.64 -0.01 0
-0.65 -0.01 0
-0.65 -0.01 0
-0.66 -0.01 0
-0.67 -0.01 0
-0.67 -0.01 0
-0.68 -0.01 0
-0.69 -0.01 0
-0.69 -0.01 0
-0.70 -0.01 0
-0.70 -0.01 0
-0.71 -0.01 0
-0.71 -0.01 0
-0.72 -0.00 0
-0.72 -0.00 0
-0.73 -0.00 0
-0.73 -0.00 0
-0.73 -0.00 0
-0.74 -0.00 0
-0.74 -0.00 0
-0.74 -0.00 0
-0.74 -0.00 0
-0.74 -0.00 0
-0.74 -0.00 0
-0.74 +0.00 0
-0.74 +0.00 2
-0.73 +0.01 2
-0.72 +0.01 2
-0.71 +0.01 2
-0.70 +0.01 2
-0.69 +0.02 2
-0.67 +0.02 2
-0.65 +0.02 2
-0.63 +0.02 2
-0.61 +0.02 2
-0.58 +0.02 2
-0.56 +0.03 2
-0.53 +0.03 2
-0.50 +0.03 2
-0.47 +0.03 2
-0.44 +0.03 2
-0.41 +0.03 2
-0.38 +0.03 2
-0.35 +0.03 2
-0.32 +0.03 2
-0.29 +0.03 2
-0.26 +0.03 2
-0.23 +0.03 2
-0.21 +0.03 2
-0.18 +0.03 2
-0.16 +0.03 2
-0.13 +0.02 2
-0.11 +0.02 2
-0.09 +0.02 2
-0.07 +0.02 2
-0.05 +0.02 2
-0.03 +0.02 2
-0.02 +0.02 2
-0.00 +0.01 2
+0.01 +0.01 2
+0.02 +0.01 1
+0.03 +0.01 1
+0.03 +0.00 1
+0.03 +0.00 1
+0.03 -0.00 1
+0.03 -0.00 1
+0.03 -0.01 1
+0.02 -0.01 0
+0.01 -0.01 0
-0.01 -0.02 0
-0.03 -0.02 0
-0.05 -0.02 0
-0.08 -0.03 0
-0.11 -0.03 0
-0.14 -0.03 0
-0.18 -0.04 0
-0.22 -0.04 0
-0.26 -0.04 0
-0.30 -0.05 0
-0.35 -0.05 0
-0.40 -0.05 0
-0.45 -0.05 0
-0.51 -0.05 0
-0.56 -0.05 0
-0.61 -0.06 0
-0.67 -0.06 0
