-0.73 -0.06 0
-0.78 -0.05 0
-0.83 -0.05 0
-0.89 -0.05 0
-0.94 -0.05 0
-0.99 -0.05 0
-1.04 -0.05 0
-1.09 -0.05 0
-1.13 -0.05 0
-1.18 -0.04 0
-1.20 +0.00 0
-1.20 +0.00 0
-1.19 +0.00 2
-1.19 +0.01 2
-1.18 +0.01 2
-1.16 +0.01 2
-1.14 +0.02 2
-1.12 +0.02 2
-1.10 +0.02 2
-1.07 +0.03 2
-1.04 +0.03 2
-1.00 +0.04 2
-0.96 +0.04 2
-0.92 +0.04 2
-0.88 +0.05 2
-0.83 +0.05 2
-0.78 +0.05 2
-0.72 +0.05 2
-0.67 +0.06 2
-0.61 +0.06 2
-0.55 +0.06 2
-0.49 +0.06 2
-0.42 +0.06 2
-0.36 +0.06 2
-0.30 +0.06 2
-0.24 +0.06 2
-0.18 +0.06 2
-0.12 +0.06 2
-0.06 +0.06 2
-0.00 +0.06 2
+0.05 +0.06 2
+0.11 +0.05 1
+0.16 +0.05 1
+0.20 +0.05 1
+0.25 +0.05 1
+0.29 +0.04 1
+0.34 +0.04 1
+0.38 +0.04 1
+0.42 +0.04 1
+0.46 +0.04 1
+0.50 +0.04 1
+0.54 +0.04 1
-0.53 -0.00 0
-0.53 -0.00 0
-0.53 -0.00 0
-0.53 -0.00 0
-0.54 -0.00 0
-0.55 -0.01 0
-0.55 -0.01 0
-0.56 -0.01 0
-0.57 -0.01 0
-0.58 -0.01 0
-0.59 -0.01 0
-0.60 -0.01 0
-0.61 -0.01 0
-0.62 -0.01 0
-0.63 -0.01 0
-0.64 -0.01 0
-0.65 -0.01 0
-0.66 -0.01 0
-0.67 -0.01 0
-0.68 -0.01 0
-0.70 -0.01 0
-0.71 -0.01 0
-0.72 -0.01 0
-0.73 -0.01 0
-0.74 -0.01 0
-0.75 -0.01 0
-0.76 -0.01 0
-0.76 -0.01 0
-0.77 -0.01 0
-0.78 -0.01 0
-0.78 -0.01 0
-0.79 -0.01 0
-0.79 -0.00 0
-0.80 -0.00 0
-0.80 -0.00 0
-0.80 -0.00 0
-0.80 -0.00 0
-0.81 -0.00 0
-0.80 +0.00 0
-0.80 +0.00 2
-0.80 +0.01 2
-0.79 +0.01 2
-0.77 +0.01 2
-0.76 +0.01 2
-0.74 +0.02 2
-0.72 +0.02 2
-0.70 +0.02 2
-0.68 +0.02 2
